<?xml version="1.0" encoding="UTF-8"?>
<testng-results skipped="0" failed="0" ignored="0" total="1" passed="1">
  <reporter-output>
  </reporter-output>
  <suite name="Default suite" duration-ms="11816" started-at="2019-09-18T09:26:42Z" finished-at="2019-09-18T09:26:54Z">
    <groups>
      <group name="Sanity">
        <method signature="assetDetailsTest.ASST020()[pri:0, instance:com.vrt.testcases.assetDetailsTest@13a5fe33]" name="ASST020" class="com.vrt.testcases.assetDetailsTest"/>
      </group> <!-- Sanity -->
      <group name="Regression">
        <method signature="assetDetailsTest.ASST020()[pri:0, instance:com.vrt.testcases.assetDetailsTest@13a5fe33]" name="ASST020" class="com.vrt.testcases.assetDetailsTest"/>
      </group> <!-- Regression -->
    </groups>
    <test name="Default test" duration-ms="11816" started-at="2019-09-18T09:26:42Z" finished-at="2019-09-18T09:26:54Z">
      <class name="com.vrt.testcases.assetDetailsTest">
        <test-method status="PASS" signature="AssetCreationSetup()[pri:0, instance:com.vrt.testcases.assetDetailsTest@13a5fe33]" name="AssetCreationSetup" is-config="true" duration-ms="78" started-at="2019-09-18T09:26:42Z" finished-at="2019-09-18T09:26:42Z">
          <reporter-output>
          </reporter-output>
        </test-method> <!-- AssetCreationSetup -->
        <test-method status="PASS" signature="Setup()[pri:0, instance:com.vrt.testcases.assetDetailsTest@13a5fe33]" name="Setup" is-config="true" duration-ms="8704" started-at="2019-09-18T09:26:42Z" finished-at="2019-09-18T09:26:51Z">
          <reporter-output>
          </reporter-output>
        </test-method> <!-- Setup -->
        <test-method status="PASS" signature="ASST020()[pri:0, instance:com.vrt.testcases.assetDetailsTest@13a5fe33]" name="ASST020" duration-ms="2737" started-at="2019-09-18T09:26:51Z" description="ASST020-Verify if the data displayed in the assets detail page is exactly same as the information given for asset in Create new Asset page" finished-at="2019-09-18T09:26:54Z">
          <reporter-output>
          </reporter-output>
        </test-method> <!-- ASST020 -->
        <test-method status="PASS" signature="Teardown(org.testng.ITestResult)[pri:0, instance:com.vrt.testcases.assetDetailsTest@13a5fe33]" name="Teardown" is-config="true" duration-ms="32" started-at="2019-09-18T09:26:54Z" finished-at="2019-09-18T09:26:54Z">
          <params>
            <param index="0">
              <value>
                <![CDATA[[TestResult name=ASST020 status=SUCCESS method=assetDetailsTest.ASST020()[pri:0, instance:com.vrt.testcases.assetDetailsTest@13a5fe33] output={null}]]]>
              </value>
            </param>
          </params>
          <reporter-output>
          </reporter-output>
        </test-method> <!-- Teardown -->
        <test-method status="PASS" signature="endReport_releaseMomory()[pri:0, instance:com.vrt.testcases.assetDetailsTest@13a5fe33]" name="endReport_releaseMomory" is-config="true" duration-ms="234" started-at="2019-09-18T09:26:54Z" finished-at="2019-09-18T09:26:54Z">
          <reporter-output>
          </reporter-output>
        </test-method> <!-- endReport_releaseMomory -->
      </class> <!-- com.vrt.testcases.assetDetailsTest -->
    </test> <!-- Default test -->
  </suite> <!-- Default suite -->
</testng-results>
