<?xml version="1.0" encoding="UTF-8"?>
<testng-results skipped="0" failed="1" ignored="0" total="2" passed="1">
  <reporter-output>
  </reporter-output>
  <suite name="Default suite" duration-ms="116464" started-at="2019-11-20T14:05:53 IST" finished-at="2019-11-20T14:07:50 IST">
    <groups>
      <group name="Sanity">
        <method signature="assetCreationTest.ASST30a()[pri:0, instance:com.vrt.testcases.assetCreationTest@2173f6d9]" name="ASST30a" class="com.vrt.testcases.assetCreationTest"/>
        <method signature="assetCreationTest.ASST30b(java.lang.String)[pri:0, instance:com.vrt.testcases.assetCreationTest@2173f6d9]" name="ASST30b" class="com.vrt.testcases.assetCreationTest"/>
      </group> <!-- Sanity -->
    </groups>
    <test name="Default test" duration-ms="116464" started-at="2019-11-20T14:05:53 IST" finished-at="2019-11-20T14:07:50 IST">
      <class name="com.vrt.testcases.assetCreationTest">
        <test-method status="PASS" signature="AssetCreationSetup()[pri:0, instance:com.vrt.testcases.assetCreationTest@2173f6d9]" name="AssetCreationSetup" is-config="true" duration-ms="94" started-at="2019-11-20T14:05:53 IST" finished-at="2019-11-20T14:05:53 IST">
          <reporter-output>
          </reporter-output>
        </test-method> <!-- AssetCreationSetup -->
        <test-method status="PASS" signature="Setup()[pri:0, instance:com.vrt.testcases.assetCreationTest@2173f6d9]" name="Setup" is-config="true" duration-ms="12668" started-at="2019-11-20T14:05:53 IST" finished-at="2019-11-20T14:06:06 IST">
          <reporter-output>
          </reporter-output>
        </test-method> <!-- Setup -->
        <test-method status="PASS" signature="ASST30a()[pri:0, instance:com.vrt.testcases.assetCreationTest@2173f6d9]" name="ASST30a" duration-ms="31" started-at="2019-11-20T14:06:06 IST" description="ASST30a-Verify the Last Validated drop down field default data" finished-at="2019-11-20T14:06:06 IST">
          <reporter-output>
          </reporter-output>
        </test-method> <!-- ASST30a -->
        <test-method status="PASS" signature="Teardown(org.testng.ITestResult)[pri:0, instance:com.vrt.testcases.assetCreationTest@2173f6d9]" name="Teardown" is-config="true" duration-ms="31" started-at="2019-11-20T14:06:06 IST" finished-at="2019-11-20T14:06:06 IST">
          <params>
            <param index="0">
              <value>
                <![CDATA[[TestResult name=ASST30a status=SUCCESS method=assetCreationTest.ASST30a()[pri:0, instance:com.vrt.testcases.assetCreationTest@2173f6d9] output={null}]]]>
              </value>
            </param>
          </params>
          <reporter-output>
          </reporter-output>
        </test-method> <!-- Teardown -->
        <test-method status="PASS" signature="Setup()[pri:0, instance:com.vrt.testcases.assetCreationTest@2173f6d9]" name="Setup" is-config="true" duration-ms="10969" started-at="2019-11-20T14:06:07 IST" finished-at="2019-11-20T14:06:18 IST">
          <reporter-output>
          </reporter-output>
        </test-method> <!-- Setup -->
        <test-method status="FAIL" signature="ASST30b(java.lang.String)[pri:0, instance:com.vrt.testcases.assetCreationTest@2173f6d9]" name="ASST30b" duration-ms="91630" started-at="2019-11-20T14:06:18 IST" description="ASST30b-Verify if after selecting Date and clicking OK button should reflect the updated Date in the Last Validated field" data-provider="ASST30b" finished-at="2019-11-20T14:07:49 IST">
          <params>
            <param index="0">
              <value>
                <![CDATA[10/19/2017]]>
              </value>
            </param>
          </params>
          <exception class="java.lang.AssertionError">
            <message>
              <![CDATA[The following asserts failed:
Fail: Asset Validation Date field do not reflect the Selected date expected [19] but found [08],
Fail: Asset Validation Date field do not reflect the current date expected [10] but found [04]]]>
            </message>
            <full-stacktrace>
              <![CDATA[java.lang.AssertionError: The following asserts failed:
Fail: Asset Validation Date field do not reflect the Selected date expected [19] but found [08],
Fail: Asset Validation Date field do not reflect the current date expected [10] but found [04]
at org.testng.asserts.SoftAssert.assertAll(SoftAssert.java:47)
at org.testng.asserts.SoftAssert.assertAll(SoftAssert.java:31)
at com.vrt.testcases.assetCreationTest.ASST30b(assetCreationTest.java:803)
at sun.reflect.NativeMethodAccessorImpl.invoke0(Native Method)
at sun.reflect.NativeMethodAccessorImpl.invoke(NativeMethodAccessorImpl.java:62)
at sun.reflect.DelegatingMethodAccessorImpl.invoke(DelegatingMethodAccessorImpl.java:43)
at java.lang.reflect.Method.invoke(Method.java:498)
at org.testng.internal.MethodInvocationHelper.invokeMethod(MethodInvocationHelper.java:133)
at org.testng.internal.TestInvoker.invokeMethod(TestInvoker.java:584)
at org.testng.internal.TestInvoker.invokeTestMethod(TestInvoker.java:172)
at org.testng.internal.MethodRunner.runInSequence(MethodRunner.java:46)
at org.testng.internal.TestInvoker$MethodInvocationAgent.invoke(TestInvoker.java:804)
at org.testng.internal.TestInvoker.invokeTestMethods(TestInvoker.java:145)
at org.testng.internal.TestMethodWorker.invokeTestMethods(TestMethodWorker.java:146)
at org.testng.internal.TestMethodWorker.run(TestMethodWorker.java:128)
at java.util.ArrayList.forEach(ArrayList.java:1257)
at org.testng.TestRunner.privateRun(TestRunner.java:770)
at org.testng.TestRunner.run(TestRunner.java:591)
at org.testng.SuiteRunner.runTest(SuiteRunner.java:402)
at org.testng.SuiteRunner.runSequentially(SuiteRunner.java:396)
at org.testng.SuiteRunner.privateRun(SuiteRunner.java:355)
at org.testng.SuiteRunner.run(SuiteRunner.java:304)
at org.testng.SuiteRunnerWorker.runSuite(SuiteRunnerWorker.java:53)
at org.testng.SuiteRunnerWorker.run(SuiteRunnerWorker.java:96)
at org.testng.TestNG.runSuitesSequentially(TestNG.java:1180)
at org.testng.TestNG.runSuitesLocally(TestNG.java:1102)
at org.testng.TestNG.runSuites(TestNG.java:1032)
at org.testng.TestNG.run(TestNG.java:1000)
at org.testng.remote.AbstractRemoteTestNG.run(AbstractRemoteTestNG.java:115)
at org.testng.remote.RemoteTestNG.initAndRun(RemoteTestNG.java:251)
at org.testng.remote.RemoteTestNG.main(RemoteTestNG.java:77)
]]>
            </full-stacktrace>
          </exception> <!-- java.lang.AssertionError -->
          <reporter-output>
          </reporter-output>
        </test-method> <!-- ASST30b -->
        <test-method status="PASS" signature="Teardown(org.testng.ITestResult)[pri:0, instance:com.vrt.testcases.assetCreationTest@2173f6d9]" name="Teardown" is-config="true" duration-ms="94" started-at="2019-11-20T14:07:49 IST" finished-at="2019-11-20T14:07:49 IST">
          <params>
            <param index="0">
              <value>
                <![CDATA[[TestResult name=ASST30b status=FAILURE method=assetCreationTest.ASST30b(java.lang.String)[pri:0, instance:com.vrt.testcases.assetCreationTest@2173f6d9] output={null}]]]>
              </value>
            </param>
          </params>
          <reporter-output>
          </reporter-output>
        </test-method> <!-- Teardown -->
        <test-method status="PASS" signature="endReport()[pri:0, instance:com.vrt.testcases.assetCreationTest@2173f6d9]" name="endReport" is-config="true" duration-ms="203" started-at="2019-11-20T14:07:49 IST" finished-at="2019-11-20T14:07:50 IST">
          <reporter-output>
          </reporter-output>
        </test-method> <!-- endReport -->
      </class> <!-- com.vrt.testcases.assetCreationTest -->
    </test> <!-- Default test -->
  </suite> <!-- Default suite -->
</testng-results>
