<?xml version="1.0" encoding="UTF-8"?>
<testng-results skipped="0" failed="1" ignored="0" total="6" passed="5">
  <reporter-output>
  </reporter-output>
  <suite name="AssetHubSuite" duration-ms="54640" started-at="2019-08-20T15:22:06Z" finished-at="2019-08-20T15:23:00Z">
    <groups>
      <group name="Sanity">
        <method signature="assetHubTest.ASST001()[pri:0, instance:com.vrt.testcases.assetHubTest@4108fa66]" name="ASST001" class="com.vrt.testcases.assetHubTest"/>
      </group> <!-- Sanity -->
      <group name="Regression">
        <method signature="assetHubTest.ASST001()[pri:0, instance:com.vrt.testcases.assetHubTest@4108fa66]" name="ASST001" class="com.vrt.testcases.assetHubTest"/>
        <method signature="assetHubTest.ASST002()[pri:0, instance:com.vrt.testcases.assetHubTest@4108fa66]" name="ASST002" class="com.vrt.testcases.assetHubTest"/>
        <method signature="assetHubTest.ASST004()[pri:0, instance:com.vrt.testcases.assetHubTest@4108fa66]" name="ASST004" class="com.vrt.testcases.assetHubTest"/>
        <method signature="assetHubTest.ASST005()[pri:0, instance:com.vrt.testcases.assetHubTest@4108fa66]" name="ASST005" class="com.vrt.testcases.assetHubTest"/>
        <method signature="assetHubTest.ASST006()[pri:0, instance:com.vrt.testcases.assetHubTest@4108fa66]" name="ASST006" class="com.vrt.testcases.assetHubTest"/>
        <method signature="assetHubTest.ASST007()[pri:0, instance:com.vrt.testcases.assetHubTest@4108fa66]" name="ASST007" class="com.vrt.testcases.assetHubTest"/>
      </group> <!-- Regression -->
    </groups>
    <test name="AssetHubSanityTest" duration-ms="54640" started-at="2019-08-20T15:22:06Z" finished-at="2019-08-20T15:23:00Z">
      <class name="com.vrt.testcases.assetHubTest">
        <test-method status="PASS" signature="Setup()[pri:0, instance:com.vrt.testcases.assetHubTest@4108fa66]" name="Setup" is-config="true" duration-ms="8895" started-at="2019-08-20T15:22:06Z" finished-at="2019-08-20T15:22:15Z">
          <reporter-output>
          </reporter-output>
        </test-method> <!-- Setup -->
        <test-method status="PASS" signature="ASST001()[pri:0, instance:com.vrt.testcases.assetHubTest@4108fa66]" name="ASST001" duration-ms="84" started-at="2019-08-20T15:22:15Z" description="Verify if selecting the Assets tile from the main hub page , user is navigated to the Asset Details screen" finished-at="2019-08-20T15:22:15Z">
          <reporter-output>
          </reporter-output>
        </test-method> <!-- ASST001 -->
        <test-method status="PASS" signature="Teardown()[pri:0, instance:com.vrt.testcases.assetHubTest@4108fa66]" name="Teardown" is-config="true" duration-ms="31" started-at="2019-08-20T15:22:15Z" finished-at="2019-08-20T15:22:15Z">
          <reporter-output>
          </reporter-output>
        </test-method> <!-- Teardown -->
        <test-method status="PASS" signature="Setup()[pri:0, instance:com.vrt.testcases.assetHubTest@4108fa66]" name="Setup" is-config="true" duration-ms="8182" started-at="2019-08-20T15:22:15Z" finished-at="2019-08-20T15:22:23Z">
          <reporter-output>
          </reporter-output>
        </test-method> <!-- Setup -->
        <test-method status="FAIL" signature="ASST002()[pri:0, instance:com.vrt.testcases.assetHubTest@4108fa66]" name="ASST002" duration-ms="112" started-at="2019-08-20T15:22:23Z" description="Verify if with  fresh installation, no assets should be displayed" finished-at="2019-08-20T15:22:23Z">
          <exception class="java.lang.AssertionError">
            <message>
              <![CDATA[The following asserts failed:
FAIL: TC-ASST002 -Already assets present in the system which suggests its not an Fresh Installation may have been upgraded expected [0] but found [8]]]>
            </message>
            <full-stacktrace>
              <![CDATA[java.lang.AssertionError: The following asserts failed:
FAIL: TC-ASST002 -Already assets present in the system which suggests its not an Fresh Installation may have been upgraded expected [0] but found [8]
at org.testng.asserts.SoftAssert.assertAll(SoftAssert.java:43)
at com.vrt.testcases.assetHubTest.ASST002(assetHubTest.java:130)
at sun.reflect.NativeMethodAccessorImpl.invoke0(Native Method)
at sun.reflect.NativeMethodAccessorImpl.invoke(NativeMethodAccessorImpl.java:62)
at sun.reflect.DelegatingMethodAccessorImpl.invoke(DelegatingMethodAccessorImpl.java:43)
at java.lang.reflect.Method.invoke(Method.java:498)
at org.testng.internal.MethodInvocationHelper.invokeMethod(MethodInvocationHelper.java:124)
at org.testng.internal.Invoker.invokeMethod(Invoker.java:583)
at org.testng.internal.Invoker.invokeTestMethod(Invoker.java:719)
at org.testng.internal.Invoker.invokeTestMethods(Invoker.java:989)
at org.testng.internal.TestMethodWorker.invokeTestMethods(TestMethodWorker.java:125)
at org.testng.internal.TestMethodWorker.run(TestMethodWorker.java:109)
at org.testng.TestRunner.privateRun(TestRunner.java:648)
at org.testng.TestRunner.run(TestRunner.java:505)
at org.testng.SuiteRunner.runTest(SuiteRunner.java:455)
at org.testng.SuiteRunner.runSequentially(SuiteRunner.java:450)
at org.testng.SuiteRunner.privateRun(SuiteRunner.java:415)
at org.testng.SuiteRunner.run(SuiteRunner.java:364)
at org.testng.SuiteRunnerWorker.runSuite(SuiteRunnerWorker.java:52)
at org.testng.SuiteRunnerWorker.run(SuiteRunnerWorker.java:84)
at org.testng.TestNG.runSuitesSequentially(TestNG.java:1208)
at org.testng.TestNG.runSuitesLocally(TestNG.java:1137)
at org.testng.TestNG.runSuites(TestNG.java:1049)
at org.testng.TestNG.run(TestNG.java:1017)
at org.testng.remote.AbstractRemoteTestNG.run(AbstractRemoteTestNG.java:115)
at org.testng.remote.RemoteTestNG.initAndRun(RemoteTestNG.java:251)
at org.testng.remote.RemoteTestNG.main(RemoteTestNG.java:77)
]]>
            </full-stacktrace>
          </exception> <!-- java.lang.AssertionError -->
          <reporter-output>
          </reporter-output>
        </test-method> <!-- ASST002 -->
        <test-method status="PASS" signature="Teardown()[pri:0, instance:com.vrt.testcases.assetHubTest@4108fa66]" name="Teardown" is-config="true" duration-ms="22" started-at="2019-08-20T15:22:23Z" finished-at="2019-08-20T15:22:23Z">
          <reporter-output>
          </reporter-output>
        </test-method> <!-- Teardown -->
        <test-method status="PASS" signature="Setup()[pri:0, instance:com.vrt.testcases.assetHubTest@4108fa66]" name="Setup" is-config="true" duration-ms="8186" started-at="2019-08-20T15:22:23Z" finished-at="2019-08-20T15:22:32Z">
          <reporter-output>
          </reporter-output>
        </test-method> <!-- Setup -->
        <test-method status="PASS" signature="ASST004()[pri:0, instance:com.vrt.testcases.assetHubTest@4108fa66]" name="ASST004" duration-ms="95" started-at="2019-08-20T15:22:32Z" description="ASST004-Verify if Predefined Sort Options namely -Type,Manufacturer and Location are present" finished-at="2019-08-20T15:22:32Z">
          <reporter-output>
          </reporter-output>
        </test-method> <!-- ASST004 -->
        <test-method status="PASS" signature="Teardown()[pri:0, instance:com.vrt.testcases.assetHubTest@4108fa66]" name="Teardown" is-config="true" duration-ms="26" started-at="2019-08-20T15:22:32Z" finished-at="2019-08-20T15:22:32Z">
          <reporter-output>
          </reporter-output>
        </test-method> <!-- Teardown -->
        <test-method status="PASS" signature="Setup()[pri:0, instance:com.vrt.testcases.assetHubTest@4108fa66]" name="Setup" is-config="true" duration-ms="8228" started-at="2019-08-20T15:22:32Z" finished-at="2019-08-20T15:22:40Z">
          <reporter-output>
          </reporter-output>
        </test-method> <!-- Setup -->
        <test-method status="PASS" signature="ASST005()[pri:0, instance:com.vrt.testcases.assetHubTest@4108fa66]" name="ASST005" duration-ms="63" started-at="2019-08-20T15:22:40Z" description="ASST005-Verify  if Add New and Search -magnifier Iconsare present at the right top corner of the assets page" finished-at="2019-08-20T15:22:40Z">
          <reporter-output>
          </reporter-output>
        </test-method> <!-- ASST005 -->
        <test-method status="PASS" signature="Teardown()[pri:0, instance:com.vrt.testcases.assetHubTest@4108fa66]" name="Teardown" is-config="true" duration-ms="25" started-at="2019-08-20T15:22:40Z" finished-at="2019-08-20T15:22:40Z">
          <reporter-output>
          </reporter-output>
        </test-method> <!-- Teardown -->
        <test-method status="PASS" signature="Setup()[pri:0, instance:com.vrt.testcases.assetHubTest@4108fa66]" name="Setup" is-config="true" duration-ms="8279" started-at="2019-08-20T15:22:40Z" finished-at="2019-08-20T15:22:48Z">
          <reporter-output>
          </reporter-output>
        </test-method> <!-- Setup -->
        <test-method status="PASS" signature="ASST006()[pri:0, instance:com.vrt.testcases.assetHubTest@4108fa66]" name="ASST006" duration-ms="2335" started-at="2019-08-20T15:22:48Z" description="ASST006-Verify  if clicking on New icon opens a New Asset creation page" finished-at="2019-08-20T15:22:51Z">
          <reporter-output>
          </reporter-output>
        </test-method> <!-- ASST006 -->
        <test-method status="PASS" signature="Teardown()[pri:0, instance:com.vrt.testcases.assetHubTest@4108fa66]" name="Teardown" is-config="true" duration-ms="29" started-at="2019-08-20T15:22:51Z" finished-at="2019-08-20T15:22:51Z">
          <reporter-output>
          </reporter-output>
        </test-method> <!-- Teardown -->
        <test-method status="PASS" signature="Setup()[pri:0, instance:com.vrt.testcases.assetHubTest@4108fa66]" name="Setup" is-config="true" duration-ms="8145" started-at="2019-08-20T15:22:51Z" finished-at="2019-08-20T15:22:59Z">
          <reporter-output>
          </reporter-output>
        </test-method> <!-- Setup -->
        <test-method status="PASS" signature="ASST007()[pri:0, instance:com.vrt.testcases.assetHubTest@4108fa66]" name="ASST007" duration-ms="1537" started-at="2019-08-20T15:22:59Z" description="ASST007-Verify if clicking on Back Button at the left top to return to main Hub page" finished-at="2019-08-20T15:23:00Z">
          <reporter-output>
          </reporter-output>
        </test-method> <!-- ASST007 -->
        <test-method status="PASS" signature="Teardown()[pri:0, instance:com.vrt.testcases.assetHubTest@4108fa66]" name="Teardown" is-config="true" duration-ms="25" started-at="2019-08-20T15:23:00Z" finished-at="2019-08-20T15:23:00Z">
          <reporter-output>
          </reporter-output>
        </test-method> <!-- Teardown -->
      </class> <!-- com.vrt.testcases.assetHubTest -->
    </test> <!-- AssetHubSanityTest -->
  </suite> <!-- AssetHubSuite -->
</testng-results>
