<?xml version="1.0" encoding="UTF-8"?>
<!-- Generated by org.testng.reporters.JUnitXMLReporter -->
<testsuite hostname="INAS-LP024" ignored="0" name="AssetHubRregressionTest" tests="14" failures="3" timestamp="2019-10-09T13:03:04 IST" time="124.232" errors="0">
  <testcase name="@AfterMethod Teardown" time="0.003" classname="com.vrt.testcases.assetHubTest">
    <failure type="java.lang.NullPointerException">
      <![CDATA[java.lang.NullPointerException
at com.vrt.testcases.assetHubTest.Teardown(assetHubTest.java:126)
at java.util.ArrayList.forEach(ArrayList.java:1257)
... Removed 32 stack frames]]>
    </failure>
  </testcase> <!-- @AfterMethod Teardown -->
  <testcase name="@AfterMethod Teardown" time="0.0" classname="com.vrt.testcases.assetHubTest">
    <failure type="java.lang.NullPointerException">
      <![CDATA[java.lang.NullPointerException
at com.vrt.testcases.assetHubTest.Teardown(assetHubTest.java:133)
at java.util.ArrayList.forEach(ArrayList.java:1257)
... Removed 32 stack frames]]>
    </failure>
  </testcase> <!-- @AfterMethod Teardown -->
  <testcase name="@AfterMethod Teardown" time="0.0" classname="com.vrt.testcases.assetHubTest">
    <failure type="java.lang.NullPointerException">
      <![CDATA[java.lang.NullPointerException
at com.vrt.testcases.assetHubTest.Teardown(assetHubTest.java:133)
at java.util.ArrayList.forEach(ArrayList.java:1257)
... Removed 32 stack frames]]>
    </failure>
  </testcase> <!-- @AfterMethod Teardown -->
  <testcase name="@AfterMethod Teardown" time="0.0" classname="com.vrt.testcases.assetHubTest">
    <failure type="java.lang.NullPointerException">
      <![CDATA[java.lang.NullPointerException
at com.vrt.testcases.assetHubTest.Teardown(assetHubTest.java:133)
at java.util.ArrayList.forEach(ArrayList.java:1257)
... Removed 32 stack frames]]>
    </failure>
  </testcase> <!-- @AfterMethod Teardown -->
  <testcase name="@AfterMethod Teardown" time="0.0" classname="com.vrt.testcases.assetHubTest">
    <failure type="java.lang.NullPointerException">
      <![CDATA[java.lang.NullPointerException
at com.vrt.testcases.assetHubTest.Teardown(assetHubTest.java:133)
at java.util.ArrayList.forEach(ArrayList.java:1257)
... Removed 32 stack frames]]>
    </failure>
  </testcase> <!-- @AfterMethod Teardown -->
  <testcase name="@AfterMethod Teardown" time="0.0" classname="com.vrt.testcases.assetHubTest">
    <failure type="java.lang.NullPointerException">
      <![CDATA[java.lang.NullPointerException
at com.vrt.testcases.assetHubTest.Teardown(assetHubTest.java:133)
at java.util.ArrayList.forEach(ArrayList.java:1257)
... Removed 32 stack frames]]>
    </failure>
  </testcase> <!-- @AfterMethod Teardown -->
  <testcase name="@AfterMethod Teardown" time="0.0" classname="com.vrt.testcases.assetHubTest">
    <failure type="java.lang.NullPointerException">
      <![CDATA[java.lang.NullPointerException
at com.vrt.testcases.assetHubTest.Teardown(assetHubTest.java:133)
at java.util.ArrayList.forEach(ArrayList.java:1257)
... Removed 32 stack frames]]>
    </failure>
  </testcase> <!-- @AfterMethod Teardown -->
  <testcase name="@AfterMethod Teardown" time="0.0" classname="com.vrt.testcases.assetHubTest">
    <failure type="java.lang.NullPointerException">
      <![CDATA[java.lang.NullPointerException
at com.vrt.testcases.assetHubTest.Teardown(assetHubTest.java:133)
at java.util.ArrayList.forEach(ArrayList.java:1257)
... Removed 32 stack frames]]>
    </failure>
  </testcase> <!-- @AfterMethod Teardown -->
  <testcase name="@AfterMethod Teardown" time="0.0" classname="com.vrt.testcases.assetHubTest">
    <failure type="java.lang.NullPointerException">
      <![CDATA[java.lang.NullPointerException
at com.vrt.testcases.assetHubTest.Teardown(assetHubTest.java:133)
at java.util.ArrayList.forEach(ArrayList.java:1257)
... Removed 32 stack frames]]>
    </failure>
  </testcase> <!-- @AfterMethod Teardown -->
  <testcase name="@AfterMethod Teardown" time="0.0" classname="com.vrt.testcases.assetHubTest">
    <failure type="java.lang.NullPointerException">
      <![CDATA[java.lang.NullPointerException
at com.vrt.testcases.assetHubTest.Teardown(assetHubTest.java:133)
at java.util.ArrayList.forEach(ArrayList.java:1257)
... Removed 32 stack frames]]>
    </failure>
  </testcase> <!-- @AfterMethod Teardown -->
  <testcase name="@AfterMethod Teardown" time="0.0" classname="com.vrt.testcases.assetHubTest">
    <failure type="java.lang.NullPointerException">
      <![CDATA[java.lang.NullPointerException
at com.vrt.testcases.assetHubTest.Teardown(assetHubTest.java:133)
at java.util.ArrayList.forEach(ArrayList.java:1257)
... Removed 32 stack frames]]>
    </failure>
  </testcase> <!-- @AfterMethod Teardown -->
  <testcase name="ASST001" time="0.017" classname="com.vrt.testcases.assetHubTest">
    <skipped/>
  </testcase> <!-- ASST001 -->
  <testcase name="ASST001" time="0.0" classname="com.vrt.testcases.assetHubTest">
    <skipped/>
  </testcase> <!-- ASST001 -->
  <testcase name="ASST002" time="0.0" classname="com.vrt.testcases.assetHubTest">
    <skipped/>
  </testcase> <!-- ASST002 -->
  <testcase name="ASST004" time="0.0" classname="com.vrt.testcases.assetHubTest">
    <skipped/>
  </testcase> <!-- ASST004 -->
  <testcase name="ASST005" time="0.0" classname="com.vrt.testcases.assetHubTest">
    <skipped/>
  </testcase> <!-- ASST005 -->
  <testcase name="ASST006" time="0.0" classname="com.vrt.testcases.assetHubTest">
    <skipped/>
  </testcase> <!-- ASST006 -->
  <testcase name="ASST007" time="0.0" classname="com.vrt.testcases.assetHubTest">
    <skipped/>
  </testcase> <!-- ASST007 -->
  <testcase name="ASST008" time="0.0" classname="com.vrt.testcases.assetHubTest">
    <skipped/>
  </testcase> <!-- ASST008 -->
  <testcase name="ASST011" time="0.0" classname="com.vrt.testcases.assetHubTest">
    <failure type="org.testng.TestNGException" message="
Method public void com.vrt.testcases.assetHubTest.ASST011(java.lang.String,java.lang.String,java.lang.String,java.lang.String,java.lang.String,java.lang.String,java.lang.String,java.lang.String,java.lang.String,java.lang.String,java.lang.String) throws java.lang.InterruptedException requires a @DataProvider named : tcasst011 in class com.vrt.utility.TestUtilities">
      <![CDATA[org.testng.TestNGException: 
Method public void com.vrt.testcases.assetHubTest.ASST011(java.lang.String,java.lang.String,java.lang.String,java.lang.String,java.lang.String,java.lang.String,java.lang.String,java.lang.String,java.lang.String,java.lang.String,java.lang.String) throws java.lang.InterruptedException requires a @DataProvider named : tcasst011 in class com.vrt.utility.TestUtilities
at java.util.ArrayList.forEach(ArrayList.java:1257)
... Removed 24 stack frames]]>
    </failure>
  </testcase> <!-- ASST011 -->
  <testcase name="ASST014" time="0.0" classname="com.vrt.testcases.assetHubTest">
    <skipped/>
  </testcase> <!-- ASST014 -->
  <testcase name="ASST015" time="0.0" classname="com.vrt.testcases.assetHubTest">
    <skipped/>
  </testcase> <!-- ASST015 -->
  <testcase name="ASST147" time="0.0" classname="com.vrt.testcases.assetHubTest">
    <failure type="org.testng.TestNGException" message="
Method public void com.vrt.testcases.assetHubTest.ASST147(java.lang.String,java.lang.String,java.lang.String,java.lang.String,java.lang.String,java.lang.String,java.lang.String,java.lang.String,java.lang.String,java.lang.String,java.lang.String) throws java.lang.InterruptedException requires a @DataProvider named : tc147 in class com.vrt.utility.TestUtilities">
      <![CDATA[org.testng.TestNGException: 
Method public void com.vrt.testcases.assetHubTest.ASST147(java.lang.String,java.lang.String,java.lang.String,java.lang.String,java.lang.String,java.lang.String,java.lang.String,java.lang.String,java.lang.String,java.lang.String,java.lang.String) throws java.lang.InterruptedException requires a @DataProvider named : tc147 in class com.vrt.utility.TestUtilities
at java.util.ArrayList.forEach(ArrayList.java:1257)
... Removed 24 stack frames]]>
    </failure>
  </testcase> <!-- ASST147 -->
  <testcase name="ASST149_ASST003" time="0.0" classname="com.vrt.testcases.assetHubTest">
    <failure type="org.testng.TestNGException" message="
Method public void com.vrt.testcases.assetHubTest.ASST149_ASST003(java.lang.String,java.lang.String,java.lang.String,java.lang.String,java.lang.String,java.lang.String,java.lang.String,java.lang.String,java.lang.String,java.lang.String,java.lang.String) throws java.lang.InterruptedException requires a @DataProvider named : tc149 in class com.vrt.utility.TestUtilities">
      <![CDATA[org.testng.TestNGException: 
Method public void com.vrt.testcases.assetHubTest.ASST149_ASST003(java.lang.String,java.lang.String,java.lang.String,java.lang.String,java.lang.String,java.lang.String,java.lang.String,java.lang.String,java.lang.String,java.lang.String,java.lang.String) throws java.lang.InterruptedException requires a @DataProvider named : tc149 in class com.vrt.utility.TestUtilities
at java.util.ArrayList.forEach(ArrayList.java:1257)
... Removed 24 stack frames]]>
    </failure>
  </testcase> <!-- ASST149_ASST003 -->
  <testcase name="ASST167" time="0.0" classname="com.vrt.testcases.assetHubTest">
    <skipped/>
  </testcase> <!-- ASST167 -->
</testsuite> <!-- AssetHubRregressionTest -->
