<?xml version="1.0" encoding="UTF-8"?>
<!-- Generated by org.testng.reporters.JUnitXMLReporter -->
<testsuite hostname="INAS-LP024" ignored="0" name="AssetHubSanityTest" tests="6" failures="1" timestamp="20 Aug 2019 15:23:00 GMT" time="54.64" errors="0">
  <testcase name="ASST001" time="0.084" classname="com.vrt.testcases.assetHubTest"/>
  <testcase name="ASST002" time="0.112" classname="com.vrt.testcases.assetHubTest">
    <failure type="java.lang.AssertionError" message="The following asserts failed:
	FAIL: TC-ASST002 -Already assets present in the system which suggests its not an Fresh Installation may have been upgraded expected [0] but found [8]">
      <![CDATA[java.lang.AssertionError: The following asserts failed:
FAIL: TC-ASST002 -Already assets present in the system which suggests its not an Fresh Installation may have been upgraded expected [0] but found [8]
at com.vrt.testcases.assetHubTest.ASST002(assetHubTest.java:130)
... Removed 26 stack frames]]>
    </failure>
  </testcase> <!-- ASST002 -->
  <testcase name="ASST004" time="0.095" classname="com.vrt.testcases.assetHubTest"/>
  <testcase name="ASST005" time="0.063" classname="com.vrt.testcases.assetHubTest"/>
  <testcase name="ASST006" time="2.335" classname="com.vrt.testcases.assetHubTest"/>
  <testcase name="ASST007" time="1.537" classname="com.vrt.testcases.assetHubTest"/>
</testsuite> <!-- AssetHubSanityTest -->
