<?xml version="1.0" encoding="UTF-8"?>
<!-- Generated by org.testng.reporters.JUnitXMLReporter -->
<testsuite hostname="INAS-LP024" ignored="0" name="Default test" tests="35" failures="0" timestamp="07 Jul 2019 12:29:16 GMT" time="510.815" errors="0">
  <testcase name="ASST101b" time="3.807" classname="com.vrt.testcases.assetCreationTest"/>
  <testcase name="ASST101b" time="3.773" classname="com.vrt.testcases.assetCreationTest"/>
  <testcase name="ASST101b" time="3.845" classname="com.vrt.testcases.assetCreationTest"/>
  <testcase name="ASST101b" time="3.868" classname="com.vrt.testcases.assetCreationTest"/>
  <testcase name="ASST101b" time="3.788" classname="com.vrt.testcases.assetCreationTest"/>
  <testcase name="ASST101b" time="3.81" classname="com.vrt.testcases.assetCreationTest"/>
  <testcase name="ASST101b" time="3.9" classname="com.vrt.testcases.assetCreationTest"/>
  <testcase name="ASST101b" time="3.824" classname="com.vrt.testcases.assetCreationTest"/>
  <testcase name="ASST102" time="1.203" classname="com.vrt.testcases.assetCreationTest"/>
  <testcase name="ASST103a" time="3.806" classname="com.vrt.testcases.assetCreationTest"/>
  <testcase name="ASST103a" time="3.76" classname="com.vrt.testcases.assetCreationTest"/>
  <testcase name="ASST103a" time="3.821" classname="com.vrt.testcases.assetCreationTest"/>
  <testcase name="ASST103a" time="3.855" classname="com.vrt.testcases.assetCreationTest"/>
  <testcase name="ASST103a" time="3.744" classname="com.vrt.testcases.assetCreationTest"/>
  <testcase name="ASST103a" time="3.809" classname="com.vrt.testcases.assetCreationTest"/>
  <testcase name="ASST103a" time="3.832" classname="com.vrt.testcases.assetCreationTest"/>
  <testcase name="ASST103a" time="3.798" classname="com.vrt.testcases.assetCreationTest"/>
  <testcase name="ASST103a" time="3.801" classname="com.vrt.testcases.assetCreationTest"/>
  <testcase name="ASST103a" time="3.763" classname="com.vrt.testcases.assetCreationTest"/>
  <testcase name="ASST103a" time="3.752" classname="com.vrt.testcases.assetCreationTest"/>
  <testcase name="ASST103a" time="3.839" classname="com.vrt.testcases.assetCreationTest"/>
  <testcase name="ASST103a" time="3.845" classname="com.vrt.testcases.assetCreationTest"/>
  <testcase name="ASST103a" time="3.781" classname="com.vrt.testcases.assetCreationTest"/>
  <testcase name="ASST103a" time="3.775" classname="com.vrt.testcases.assetCreationTest"/>
  <testcase name="ASST103a" time="3.794" classname="com.vrt.testcases.assetCreationTest"/>
  <testcase name="ASST103a" time="3.854" classname="com.vrt.testcases.assetCreationTest"/>
  <testcase name="ASST103a" time="3.854" classname="com.vrt.testcases.assetCreationTest"/>
  <testcase name="ASST103a" time="3.908" classname="com.vrt.testcases.assetCreationTest"/>
  <testcase name="ASST103a" time="3.773" classname="com.vrt.testcases.assetCreationTest"/>
  <testcase name="ASST103a" time="3.784" classname="com.vrt.testcases.assetCreationTest"/>
  <testcase name="ASST103a" time="3.834" classname="com.vrt.testcases.assetCreationTest"/>
  <testcase name="ASST103a" time="3.783" classname="com.vrt.testcases.assetCreationTest"/>
  <testcase name="ASST103a" time="3.814" classname="com.vrt.testcases.assetCreationTest"/>
  <testcase name="ASST103a" time="3.824" classname="com.vrt.testcases.assetCreationTest"/>
  <testcase name="ASST103a" time="3.853" classname="com.vrt.testcases.assetCreationTest"/>
</testsuite> <!-- Default test -->
