<?xml version="1.0" encoding="UTF-8"?>
<!-- Generated by org.testng.reporters.JUnitXMLReporter -->
<testsuite hostname="INAS-LP024" ignored="0" name="Default test" tests="3" failures="0" timestamp="12 Sep 2019 13:52:20 GMT" time="87.323" errors="0">
  <testcase name="fetchAssettypelist" time="21.332" classname="com.vrt.testcases.HitNTrialTests"/>
  <testcase name="fetchAssettypelist" time="20.306" classname="com.vrt.testcases.HitNTrialTests"/>
  <testcase name="fetchAssettypelist" time="19.487" classname="com.vrt.testcases.HitNTrialTests"/>
</testsuite> <!-- Default test -->
