<?xml version="1.0" encoding="UTF-8"?>
<!-- Generated by org.testng.reporters.JUnitXMLReporter -->
<testsuite hostname="INAS-LP024" ignored="5" name="VRTAssetHubPageTest" tests="1" failures="1" timestamp="20 Aug 2019 14:56:39 GMT" time="0.305" errors="0">
  <testcase name="ASST001" time="0.095" classname="com.vrt.testcases.assetHubTest">
    <failure type="java.lang.NullPointerException">
      <![CDATA[java.lang.NullPointerException
at com.vrt.testcases.assetHubTest.ASST001(assetHubTest.java:112)
... Removed 25 stack frames]]>
    </failure>
  </testcase> <!-- ASST001 -->
  <testcase name="ASST002" time="0.0" classname="com.vrt.testcases.assetHubTest">
    <ignored/>
  </testcase> <!-- ASST002 -->
  <testcase name="ASST007" time="0.0" classname="com.vrt.testcases.assetHubTest">
    <ignored/>
  </testcase> <!-- ASST007 -->
  <testcase name="ASST006" time="0.0" classname="com.vrt.testcases.assetHubTest">
    <ignored/>
  </testcase> <!-- ASST006 -->
  <testcase name="ASST005" time="0.0" classname="com.vrt.testcases.assetHubTest">
    <ignored/>
  </testcase> <!-- ASST005 -->
  <testcase name="ASST004" time="0.0" classname="com.vrt.testcases.assetHubTest">
    <ignored/>
  </testcase> <!-- ASST004 -->
</testsuite> <!-- VRTAssetHubPageTest -->
