<?xml version="1.0" encoding="UTF-8"?>
<!-- Generated by org.testng.reporters.JUnitXMLReporter -->
<testsuite hostname="INAS-LP024" ignored="0" name="VRTLogin" tests="299" failures="3" timestamp="05 Jul 2019 09:46:59 GMT" time="256.451" errors="0">
  <testcase name="@BeforeMethod Setup" time="10.642" classname="com.vrt.testcases.assetCreationTest">
    <failure type="org.openqa.selenium.NoSuchElementException" message="An element could not be located on the page using the given search parameters. (WARNING: The server did not provide any stacktrace information)
Command duration or timeout: 0 milliseconds
For documentation on this error, please visit: https://www.seleniumhq.org/exceptions/no_such_element.html
Build info: version: &amp;apos;3.141.59&amp;apos;, revision: &amp;apos;e82be7d358&amp;apos;, time: &amp;apos;2018-11-14T08:17:03&amp;apos;
System info: host: &amp;apos;INAS-LP024&amp;apos;, ip: &amp;apos;10.17.17.161&amp;apos;, os.name: &amp;apos;Windows 10&amp;apos;, os.arch: &amp;apos;amd64&amp;apos;, os.version: &amp;apos;10.0&amp;apos;, java.version: &amp;apos;1.8.0_181&amp;apos;
Driver info: io.appium.java_client.windows.WindowsDriver
Capabilities {app: Kaye.ValProbeRT_racmveb2qnw..., javascriptEnabled: true, platform: WINDOWS, platformName: WINDOWS}
Session ID: 681930DB-E297-4EA8-BA6A-F0AFD76F048B
*** Element info: {Using=accessibility id, value=UserDesignationTextBlock}">
      <![CDATA[org.openqa.selenium.NoSuchElementException: An element could not be located on the page using the given search parameters. (WARNING: The server did not provide any stacktrace information)
Command duration or timeout: 0 milliseconds
For documentation on this error, please visit: https://www.seleniumhq.org/exceptions/no_such_element.html
Build info: version: '3.141.59', revision: 'e82be7d358', time: '2018-11-14T08:17:03'
System info: host: 'INAS-LP024', ip: '10.17.17.161', os.name: 'Windows 10', os.arch: 'amd64', os.version: '10.0', java.version: '1.8.0_181'
Driver info: io.appium.java_client.windows.WindowsDriver
Capabilities {app: Kaye.ValProbeRT_racmveb2qnw..., javascriptEnabled: true, platform: WINDOWS, platformName: WINDOWS}
Session ID: 681930DB-E297-4EA8-BA6A-F0AFD76F048B
*** Element info: {Using=accessibility id, value=UserDesignationTextBlock}
at org.openqa.selenium.remote.ErrorHandler.createThrowable(ErrorHandler.java:214)
at org.openqa.selenium.remote.ErrorHandler.throwIfResponseFailed(ErrorHandler.java:166)
at org.openqa.selenium.remote.http.JsonHttpResponseCodec.reconstructValue(JsonHttpResponseCodec.java:40)
at org.openqa.selenium.remote.http.AbstractHttpResponseCodec.decode(AbstractHttpResponseCodec.java:80)
at org.openqa.selenium.remote.http.AbstractHttpResponseCodec.decode(AbstractHttpResponseCodec.java:44)
at org.openqa.selenium.remote.HttpCommandExecutor.execute(HttpCommandExecutor.java:158)
at io.appium.java_client.remote.AppiumCommandExecutor.execute(AppiumCommandExecutor.java:239)
at org.openqa.selenium.remote.RemoteWebDriver.execute(RemoteWebDriver.java:552)
at io.appium.java_client.DefaultGenericMobileDriver.execute(DefaultGenericMobileDriver.java:42)
at io.appium.java_client.AppiumDriver.execute(AppiumDriver.java:1)
at io.appium.java_client.windows.WindowsDriver.execute(WindowsDriver.java:1)
at org.openqa.selenium.remote.RemoteWebDriver.findElement(RemoteWebDriver.java:323)
at io.appium.java_client.DefaultGenericMobileDriver.findElement(DefaultGenericMobileDriver.java:62)
at io.appium.java_client.AppiumDriver.findElement(AppiumDriver.java:1)
at io.appium.java_client.windows.WindowsDriver.findElement(WindowsDriver.java:1)
at io.appium.java_client.FindsByAccessibilityId.findElementByAccessibilityId(FindsByAccessibilityId.java:37)
at com.vrt.pages.MainHubPage.<init>(MainHubPage.java:10)
at com.vrt.pages.LoginPage.Login(LoginPage.java:163)
at com.vrt.testcases.assetCreationTest.Setup(assetCreationTest.java:63)
... Removed 32 stack frames]]>
    </failure>
  </testcase> <!-- @BeforeMethod Setup -->
  <testcase name="@AfterMethod Teardown" time="0.0" classname="com.vrt.testcases.assetCreationTest">
    <skipped/>
  </testcase> <!-- @AfterMethod Teardown -->
  <testcase name="@BeforeMethod Setup" time="0.0" classname="com.vrt.testcases.assetCreationTest">
    <skipped/>
  </testcase> <!-- @BeforeMethod Setup -->
  <testcase name="@AfterMethod Teardown" time="0.0" classname="com.vrt.testcases.assetCreationTest">
    <skipped/>
  </testcase> <!-- @AfterMethod Teardown -->
  <testcase name="@BeforeMethod Setup" time="0.0" classname="com.vrt.testcases.assetCreationTest">
    <skipped/>
  </testcase> <!-- @BeforeMethod Setup -->
  <testcase name="@AfterMethod Teardown" time="0.0" classname="com.vrt.testcases.assetCreationTest">
    <skipped/>
  </testcase> <!-- @AfterMethod Teardown -->
  <testcase name="@BeforeMethod Setup" time="0.0" classname="com.vrt.testcases.assetCreationTest">
    <skipped/>
  </testcase> <!-- @BeforeMethod Setup -->
  <testcase name="@AfterMethod Teardown" time="0.0" classname="com.vrt.testcases.assetCreationTest">
    <skipped/>
  </testcase> <!-- @AfterMethod Teardown -->
  <testcase name="@BeforeMethod Setup" time="0.0" classname="com.vrt.testcases.assetCreationTest">
    <skipped/>
  </testcase> <!-- @BeforeMethod Setup -->
  <testcase name="@AfterMethod Teardown" time="0.0" classname="com.vrt.testcases.assetCreationTest">
    <skipped/>
  </testcase> <!-- @AfterMethod Teardown -->
  <testcase name="@BeforeMethod Setup" time="0.0" classname="com.vrt.testcases.assetCreationTest">
    <skipped/>
  </testcase> <!-- @BeforeMethod Setup -->
  <testcase name="@AfterMethod Teardown" time="0.0" classname="com.vrt.testcases.assetCreationTest">
    <skipped/>
  </testcase> <!-- @AfterMethod Teardown -->
  <testcase name="@BeforeMethod Setup" time="0.0" classname="com.vrt.testcases.assetCreationTest">
    <skipped/>
  </testcase> <!-- @BeforeMethod Setup -->
  <testcase name="@AfterMethod Teardown" time="0.0" classname="com.vrt.testcases.assetCreationTest">
    <skipped/>
  </testcase> <!-- @AfterMethod Teardown -->
  <testcase name="@BeforeMethod Setup" time="0.0" classname="com.vrt.testcases.assetCreationTest">
    <skipped/>
  </testcase> <!-- @BeforeMethod Setup -->
  <testcase name="@AfterMethod Teardown" time="0.0" classname="com.vrt.testcases.assetCreationTest">
    <skipped/>
  </testcase> <!-- @AfterMethod Teardown -->
  <testcase name="@BeforeMethod Setup" time="0.0" classname="com.vrt.testcases.assetCreationTest">
    <skipped/>
  </testcase> <!-- @BeforeMethod Setup -->
  <testcase name="@AfterMethod Teardown" time="0.0" classname="com.vrt.testcases.assetCreationTest">
    <skipped/>
  </testcase> <!-- @AfterMethod Teardown -->
  <testcase name="@BeforeMethod Setup" time="0.0" classname="com.vrt.testcases.assetCreationTest">
    <skipped/>
  </testcase> <!-- @BeforeMethod Setup -->
  <testcase name="@AfterMethod Teardown" time="0.0" classname="com.vrt.testcases.assetCreationTest">
    <skipped/>
  </testcase> <!-- @AfterMethod Teardown -->
  <testcase name="@BeforeMethod Setup" time="0.0" classname="com.vrt.testcases.assetCreationTest">
    <skipped/>
  </testcase> <!-- @BeforeMethod Setup -->
  <testcase name="@AfterMethod Teardown" time="0.0" classname="com.vrt.testcases.assetCreationTest">
    <skipped/>
  </testcase> <!-- @AfterMethod Teardown -->
  <testcase name="@BeforeMethod Setup" time="0.0" classname="com.vrt.testcases.assetCreationTest">
    <skipped/>
  </testcase> <!-- @BeforeMethod Setup -->
  <testcase name="@AfterMethod Teardown" time="0.0" classname="com.vrt.testcases.assetCreationTest">
    <skipped/>
  </testcase> <!-- @AfterMethod Teardown -->
  <testcase name="@BeforeMethod Setup" time="0.0" classname="com.vrt.testcases.assetCreationTest">
    <skipped/>
  </testcase> <!-- @BeforeMethod Setup -->
  <testcase name="@AfterMethod Teardown" time="0.0" classname="com.vrt.testcases.assetCreationTest">
    <skipped/>
  </testcase> <!-- @AfterMethod Teardown -->
  <testcase name="@BeforeMethod Setup" time="0.0" classname="com.vrt.testcases.assetCreationTest">
    <skipped/>
  </testcase> <!-- @BeforeMethod Setup -->
  <testcase name="@AfterMethod Teardown" time="0.0" classname="com.vrt.testcases.assetCreationTest">
    <skipped/>
  </testcase> <!-- @AfterMethod Teardown -->
  <testcase name="@BeforeMethod Setup" time="0.0" classname="com.vrt.testcases.assetCreationTest">
    <skipped/>
  </testcase> <!-- @BeforeMethod Setup -->
  <testcase name="@AfterMethod Teardown" time="0.0" classname="com.vrt.testcases.assetCreationTest">
    <skipped/>
  </testcase> <!-- @AfterMethod Teardown -->
  <testcase name="@BeforeMethod Setup" time="0.0" classname="com.vrt.testcases.assetCreationTest">
    <skipped/>
  </testcase> <!-- @BeforeMethod Setup -->
  <testcase name="@AfterMethod Teardown" time="0.0" classname="com.vrt.testcases.assetCreationTest">
    <skipped/>
  </testcase> <!-- @AfterMethod Teardown -->
  <testcase name="@BeforeMethod Setup" time="0.0" classname="com.vrt.testcases.assetCreationTest">
    <skipped/>
  </testcase> <!-- @BeforeMethod Setup -->
  <testcase name="@AfterMethod Teardown" time="0.0" classname="com.vrt.testcases.assetCreationTest">
    <skipped/>
  </testcase> <!-- @AfterMethod Teardown -->
  <testcase name="@BeforeMethod Setup" time="0.0" classname="com.vrt.testcases.assetCreationTest">
    <skipped/>
  </testcase> <!-- @BeforeMethod Setup -->
  <testcase name="@AfterMethod Teardown" time="0.0" classname="com.vrt.testcases.assetCreationTest">
    <skipped/>
  </testcase> <!-- @AfterMethod Teardown -->
  <testcase name="@BeforeMethod Setup" time="0.0" classname="com.vrt.testcases.assetCreationTest">
    <skipped/>
  </testcase> <!-- @BeforeMethod Setup -->
  <testcase name="@AfterMethod Teardown" time="0.0" classname="com.vrt.testcases.assetCreationTest">
    <skipped/>
  </testcase> <!-- @AfterMethod Teardown -->
  <testcase name="@BeforeMethod Setup" time="0.0" classname="com.vrt.testcases.assetCreationTest">
    <skipped/>
  </testcase> <!-- @BeforeMethod Setup -->
  <testcase name="@AfterMethod Teardown" time="0.0" classname="com.vrt.testcases.assetCreationTest">
    <skipped/>
  </testcase> <!-- @AfterMethod Teardown -->
  <testcase name="@BeforeMethod Setup" time="0.0" classname="com.vrt.testcases.assetCreationTest">
    <skipped/>
  </testcase> <!-- @BeforeMethod Setup -->
  <testcase name="@AfterMethod Teardown" time="0.0" classname="com.vrt.testcases.assetCreationTest">
    <skipped/>
  </testcase> <!-- @AfterMethod Teardown -->
  <testcase name="@BeforeMethod Setup" time="0.0" classname="com.vrt.testcases.assetCreationTest">
    <skipped/>
  </testcase> <!-- @BeforeMethod Setup -->
  <testcase name="@AfterMethod Teardown" time="0.0" classname="com.vrt.testcases.assetCreationTest">
    <skipped/>
  </testcase> <!-- @AfterMethod Teardown -->
  <testcase name="@BeforeMethod Setup" time="0.0" classname="com.vrt.testcases.assetCreationTest">
    <skipped/>
  </testcase> <!-- @BeforeMethod Setup -->
  <testcase name="@AfterMethod Teardown" time="0.0" classname="com.vrt.testcases.assetCreationTest">
    <skipped/>
  </testcase> <!-- @AfterMethod Teardown -->
  <testcase name="@BeforeMethod Setup" time="0.0" classname="com.vrt.testcases.assetCreationTest">
    <skipped/>
  </testcase> <!-- @BeforeMethod Setup -->
  <testcase name="@AfterMethod Teardown" time="0.0" classname="com.vrt.testcases.assetCreationTest">
    <skipped/>
  </testcase> <!-- @AfterMethod Teardown -->
  <testcase name="@BeforeMethod Setup" time="0.0" classname="com.vrt.testcases.assetCreationTest">
    <skipped/>
  </testcase> <!-- @BeforeMethod Setup -->
  <testcase name="@AfterMethod Teardown" time="0.0" classname="com.vrt.testcases.assetCreationTest">
    <skipped/>
  </testcase> <!-- @AfterMethod Teardown -->
  <testcase name="@BeforeMethod Setup" time="0.0" classname="com.vrt.testcases.assetCreationTest">
    <skipped/>
  </testcase> <!-- @BeforeMethod Setup -->
  <testcase name="@AfterMethod Teardown" time="0.0" classname="com.vrt.testcases.assetCreationTest">
    <skipped/>
  </testcase> <!-- @AfterMethod Teardown -->
  <testcase name="@BeforeMethod Setup" time="0.0" classname="com.vrt.testcases.assetCreationTest">
    <skipped/>
  </testcase> <!-- @BeforeMethod Setup -->
  <testcase name="@AfterMethod Teardown" time="0.0" classname="com.vrt.testcases.assetCreationTest">
    <skipped/>
  </testcase> <!-- @AfterMethod Teardown -->
  <testcase name="@BeforeMethod Setup" time="0.0" classname="com.vrt.testcases.assetCreationTest">
    <skipped/>
  </testcase> <!-- @BeforeMethod Setup -->
  <testcase name="@AfterMethod Teardown" time="0.0" classname="com.vrt.testcases.assetCreationTest">
    <skipped/>
  </testcase> <!-- @AfterMethod Teardown -->
  <testcase name="@BeforeMethod Setup" time="0.0" classname="com.vrt.testcases.assetCreationTest">
    <skipped/>
  </testcase> <!-- @BeforeMethod Setup -->
  <testcase name="@AfterMethod Teardown" time="0.0" classname="com.vrt.testcases.assetCreationTest">
    <skipped/>
  </testcase> <!-- @AfterMethod Teardown -->
  <testcase name="@BeforeMethod Setup" time="0.0" classname="com.vrt.testcases.assetCreationTest">
    <skipped/>
  </testcase> <!-- @BeforeMethod Setup -->
  <testcase name="@AfterMethod Teardown" time="0.0" classname="com.vrt.testcases.assetCreationTest">
    <skipped/>
  </testcase> <!-- @AfterMethod Teardown -->
  <testcase name="@BeforeMethod Setup" time="0.0" classname="com.vrt.testcases.assetCreationTest">
    <skipped/>
  </testcase> <!-- @BeforeMethod Setup -->
  <testcase name="@AfterMethod Teardown" time="0.0" classname="com.vrt.testcases.assetCreationTest">
    <skipped/>
  </testcase> <!-- @AfterMethod Teardown -->
  <testcase name="@BeforeMethod Setup" time="0.0" classname="com.vrt.testcases.assetCreationTest">
    <skipped/>
  </testcase> <!-- @BeforeMethod Setup -->
  <testcase name="@AfterMethod Teardown" time="0.0" classname="com.vrt.testcases.assetCreationTest">
    <skipped/>
  </testcase> <!-- @AfterMethod Teardown -->
  <testcase name="@BeforeMethod Setup" time="0.0" classname="com.vrt.testcases.assetCreationTest">
    <skipped/>
  </testcase> <!-- @BeforeMethod Setup -->
  <testcase name="@AfterMethod Teardown" time="0.0" classname="com.vrt.testcases.assetCreationTest">
    <skipped/>
  </testcase> <!-- @AfterMethod Teardown -->
  <testcase name="@BeforeMethod Setup" time="0.0" classname="com.vrt.testcases.assetCreationTest">
    <skipped/>
  </testcase> <!-- @BeforeMethod Setup -->
  <testcase name="@AfterMethod Teardown" time="0.0" classname="com.vrt.testcases.assetCreationTest">
    <skipped/>
  </testcase> <!-- @AfterMethod Teardown -->
  <testcase name="@BeforeMethod Setup" time="0.0" classname="com.vrt.testcases.assetCreationTest">
    <skipped/>
  </testcase> <!-- @BeforeMethod Setup -->
  <testcase name="@AfterMethod Teardown" time="0.0" classname="com.vrt.testcases.assetCreationTest">
    <skipped/>
  </testcase> <!-- @AfterMethod Teardown -->
  <testcase name="@BeforeMethod Setup" time="0.0" classname="com.vrt.testcases.assetCreationTest">
    <skipped/>
  </testcase> <!-- @BeforeMethod Setup -->
  <testcase name="@AfterMethod Teardown" time="0.0" classname="com.vrt.testcases.assetCreationTest">
    <skipped/>
  </testcase> <!-- @AfterMethod Teardown -->
  <testcase name="@BeforeMethod Setup" time="0.0" classname="com.vrt.testcases.assetCreationTest">
    <skipped/>
  </testcase> <!-- @BeforeMethod Setup -->
  <testcase name="@AfterMethod Teardown" time="0.0" classname="com.vrt.testcases.assetCreationTest">
    <skipped/>
  </testcase> <!-- @AfterMethod Teardown -->
  <testcase name="@BeforeMethod Setup" time="0.0" classname="com.vrt.testcases.assetCreationTest">
    <skipped/>
  </testcase> <!-- @BeforeMethod Setup -->
  <testcase name="@AfterMethod Teardown" time="0.0" classname="com.vrt.testcases.assetCreationTest">
    <skipped/>
  </testcase> <!-- @AfterMethod Teardown -->
  <testcase name="@BeforeMethod Setup" time="0.0" classname="com.vrt.testcases.assetCreationTest">
    <skipped/>
  </testcase> <!-- @BeforeMethod Setup -->
  <testcase name="@AfterMethod Teardown" time="0.0" classname="com.vrt.testcases.assetCreationTest">
    <skipped/>
  </testcase> <!-- @AfterMethod Teardown -->
  <testcase name="@BeforeMethod Setup" time="0.0" classname="com.vrt.testcases.assetCreationTest">
    <skipped/>
  </testcase> <!-- @BeforeMethod Setup -->
  <testcase name="@AfterMethod Teardown" time="0.0" classname="com.vrt.testcases.assetCreationTest">
    <skipped/>
  </testcase> <!-- @AfterMethod Teardown -->
  <testcase name="@BeforeMethod Setup" time="0.0" classname="com.vrt.testcases.assetCreationTest">
    <skipped/>
  </testcase> <!-- @BeforeMethod Setup -->
  <testcase name="@AfterMethod Teardown" time="0.0" classname="com.vrt.testcases.assetCreationTest">
    <skipped/>
  </testcase> <!-- @AfterMethod Teardown -->
  <testcase name="@BeforeMethod Setup" time="0.0" classname="com.vrt.testcases.assetCreationTest">
    <skipped/>
  </testcase> <!-- @BeforeMethod Setup -->
  <testcase name="@AfterMethod Teardown" time="0.0" classname="com.vrt.testcases.assetCreationTest">
    <skipped/>
  </testcase> <!-- @AfterMethod Teardown -->
  <testcase name="@BeforeMethod Setup" time="0.0" classname="com.vrt.testcases.assetCreationTest">
    <skipped/>
  </testcase> <!-- @BeforeMethod Setup -->
  <testcase name="@AfterMethod Teardown" time="0.0" classname="com.vrt.testcases.assetCreationTest">
    <skipped/>
  </testcase> <!-- @AfterMethod Teardown -->
  <testcase name="@BeforeMethod Setup" time="0.0" classname="com.vrt.testcases.assetCreationTest">
    <skipped/>
  </testcase> <!-- @BeforeMethod Setup -->
  <testcase name="@AfterMethod Teardown" time="0.0" classname="com.vrt.testcases.assetCreationTest">
    <skipped/>
  </testcase> <!-- @AfterMethod Teardown -->
  <testcase name="@BeforeMethod Setup" time="0.0" classname="com.vrt.testcases.assetCreationTest">
    <skipped/>
  </testcase> <!-- @BeforeMethod Setup -->
  <testcase name="@AfterMethod Teardown" time="0.0" classname="com.vrt.testcases.assetCreationTest">
    <skipped/>
  </testcase> <!-- @AfterMethod Teardown -->
  <testcase name="@BeforeMethod Setup" time="0.0" classname="com.vrt.testcases.assetCreationTest">
    <skipped/>
  </testcase> <!-- @BeforeMethod Setup -->
  <testcase name="@AfterMethod Teardown" time="0.0" classname="com.vrt.testcases.assetCreationTest">
    <skipped/>
  </testcase> <!-- @AfterMethod Teardown -->
  <testcase name="@BeforeMethod Setup" time="0.0" classname="com.vrt.testcases.assetCreationTest">
    <skipped/>
  </testcase> <!-- @BeforeMethod Setup -->
  <testcase name="@AfterMethod Teardown" time="0.0" classname="com.vrt.testcases.assetCreationTest">
    <skipped/>
  </testcase> <!-- @AfterMethod Teardown -->
  <testcase name="@BeforeMethod Setup" time="0.0" classname="com.vrt.testcases.assetCreationTest">
    <skipped/>
  </testcase> <!-- @BeforeMethod Setup -->
  <testcase name="@AfterMethod Teardown" time="0.0" classname="com.vrt.testcases.assetCreationTest">
    <skipped/>
  </testcase> <!-- @AfterMethod Teardown -->
  <testcase name="@BeforeMethod Setup" time="0.0" classname="com.vrt.testcases.assetCreationTest">
    <skipped/>
  </testcase> <!-- @BeforeMethod Setup -->
  <testcase name="@AfterMethod Teardown" time="0.0" classname="com.vrt.testcases.assetCreationTest">
    <skipped/>
  </testcase> <!-- @AfterMethod Teardown -->
  <testcase name="@BeforeMethod Setup" time="0.0" classname="com.vrt.testcases.assetCreationTest">
    <skipped/>
  </testcase> <!-- @BeforeMethod Setup -->
  <testcase name="@AfterMethod Teardown" time="0.0" classname="com.vrt.testcases.assetCreationTest">
    <skipped/>
  </testcase> <!-- @AfterMethod Teardown -->
  <testcase name="@BeforeMethod Setup" time="0.0" classname="com.vrt.testcases.assetCreationTest">
    <skipped/>
  </testcase> <!-- @BeforeMethod Setup -->
  <testcase name="@AfterMethod Teardown" time="0.0" classname="com.vrt.testcases.assetCreationTest">
    <skipped/>
  </testcase> <!-- @AfterMethod Teardown -->
  <testcase name="@BeforeMethod Setup" time="0.0" classname="com.vrt.testcases.assetCreationTest">
    <skipped/>
  </testcase> <!-- @BeforeMethod Setup -->
  <testcase name="@AfterMethod Teardown" time="0.0" classname="com.vrt.testcases.assetCreationTest">
    <skipped/>
  </testcase> <!-- @AfterMethod Teardown -->
  <testcase name="@BeforeMethod Setup" time="0.0" classname="com.vrt.testcases.assetCreationTest">
    <skipped/>
  </testcase> <!-- @BeforeMethod Setup -->
  <testcase name="@AfterMethod Teardown" time="0.0" classname="com.vrt.testcases.assetCreationTest">
    <skipped/>
  </testcase> <!-- @AfterMethod Teardown -->
  <testcase name="@BeforeMethod Setup" time="0.0" classname="com.vrt.testcases.assetCreationTest">
    <skipped/>
  </testcase> <!-- @BeforeMethod Setup -->
  <testcase name="@AfterMethod Teardown" time="0.0" classname="com.vrt.testcases.assetCreationTest">
    <skipped/>
  </testcase> <!-- @AfterMethod Teardown -->
  <testcase name="@BeforeMethod Setup" time="0.0" classname="com.vrt.testcases.assetCreationTest">
    <skipped/>
  </testcase> <!-- @BeforeMethod Setup -->
  <testcase name="@AfterMethod Teardown" time="0.0" classname="com.vrt.testcases.assetCreationTest">
    <skipped/>
  </testcase> <!-- @AfterMethod Teardown -->
  <testcase name="@BeforeMethod Setup" time="0.0" classname="com.vrt.testcases.assetCreationTest">
    <skipped/>
  </testcase> <!-- @BeforeMethod Setup -->
  <testcase name="@AfterMethod Teardown" time="0.0" classname="com.vrt.testcases.assetCreationTest">
    <skipped/>
  </testcase> <!-- @AfterMethod Teardown -->
  <testcase name="@BeforeMethod Setup" time="0.0" classname="com.vrt.testcases.assetCreationTest">
    <skipped/>
  </testcase> <!-- @BeforeMethod Setup -->
  <testcase name="@AfterMethod Teardown" time="0.0" classname="com.vrt.testcases.assetCreationTest">
    <skipped/>
  </testcase> <!-- @AfterMethod Teardown -->
  <testcase name="@BeforeMethod Setup" time="0.0" classname="com.vrt.testcases.assetCreationTest">
    <skipped/>
  </testcase> <!-- @BeforeMethod Setup -->
  <testcase name="@AfterMethod Teardown" time="0.0" classname="com.vrt.testcases.assetCreationTest">
    <skipped/>
  </testcase> <!-- @AfterMethod Teardown -->
  <testcase name="@BeforeMethod Setup" time="0.0" classname="com.vrt.testcases.assetCreationTest">
    <skipped/>
  </testcase> <!-- @BeforeMethod Setup -->
  <testcase name="@AfterMethod Teardown" time="0.0" classname="com.vrt.testcases.assetCreationTest">
    <skipped/>
  </testcase> <!-- @AfterMethod Teardown -->
  <testcase name="@BeforeMethod Setup" time="0.0" classname="com.vrt.testcases.assetCreationTest">
    <skipped/>
  </testcase> <!-- @BeforeMethod Setup -->
  <testcase name="@AfterMethod Teardown" time="0.0" classname="com.vrt.testcases.assetCreationTest">
    <skipped/>
  </testcase> <!-- @AfterMethod Teardown -->
  <testcase name="@BeforeMethod Setup" time="0.0" classname="com.vrt.testcases.assetCreationTest">
    <skipped/>
  </testcase> <!-- @BeforeMethod Setup -->
  <testcase name="@AfterMethod Teardown" time="0.0" classname="com.vrt.testcases.assetCreationTest">
    <skipped/>
  </testcase> <!-- @AfterMethod Teardown -->
  <testcase name="@BeforeMethod Setup" time="0.0" classname="com.vrt.testcases.assetCreationTest">
    <skipped/>
  </testcase> <!-- @BeforeMethod Setup -->
  <testcase name="@AfterMethod Teardown" time="0.0" classname="com.vrt.testcases.assetCreationTest">
    <skipped/>
  </testcase> <!-- @AfterMethod Teardown -->
  <testcase name="@BeforeMethod Setup" time="0.0" classname="com.vrt.testcases.assetCreationTest">
    <skipped/>
  </testcase> <!-- @BeforeMethod Setup -->
  <testcase name="@AfterMethod Teardown" time="0.0" classname="com.vrt.testcases.assetCreationTest">
    <skipped/>
  </testcase> <!-- @AfterMethod Teardown -->
  <testcase name="@BeforeMethod Setup" time="0.0" classname="com.vrt.testcases.assetCreationTest">
    <skipped/>
  </testcase> <!-- @BeforeMethod Setup -->
  <testcase name="@AfterMethod Teardown" time="0.0" classname="com.vrt.testcases.assetCreationTest">
    <skipped/>
  </testcase> <!-- @AfterMethod Teardown -->
  <testcase name="@BeforeMethod Setup" time="0.0" classname="com.vrt.testcases.assetCreationTest">
    <skipped/>
  </testcase> <!-- @BeforeMethod Setup -->
  <testcase name="@AfterMethod Teardown" time="0.0" classname="com.vrt.testcases.assetCreationTest">
    <skipped/>
  </testcase> <!-- @AfterMethod Teardown -->
  <testcase name="@BeforeMethod Setup" time="0.0" classname="com.vrt.testcases.assetCreationTest">
    <skipped/>
  </testcase> <!-- @BeforeMethod Setup -->
  <testcase name="@AfterMethod Teardown" time="0.0" classname="com.vrt.testcases.assetCreationTest">
    <skipped/>
  </testcase> <!-- @AfterMethod Teardown -->
  <testcase name="@BeforeMethod Setup" time="0.0" classname="com.vrt.testcases.assetCreationTest">
    <skipped/>
  </testcase> <!-- @BeforeMethod Setup -->
  <testcase name="@AfterMethod Teardown" time="0.0" classname="com.vrt.testcases.assetCreationTest">
    <skipped/>
  </testcase> <!-- @AfterMethod Teardown -->
  <testcase name="@BeforeMethod Setup" time="0.0" classname="com.vrt.testcases.assetCreationTest">
    <skipped/>
  </testcase> <!-- @BeforeMethod Setup -->
  <testcase name="@AfterMethod Teardown" time="0.0" classname="com.vrt.testcases.assetCreationTest">
    <skipped/>
  </testcase> <!-- @AfterMethod Teardown -->
  <testcase name="@BeforeMethod Setup" time="0.0" classname="com.vrt.testcases.assetCreationTest">
    <skipped/>
  </testcase> <!-- @BeforeMethod Setup -->
  <testcase name="@AfterMethod Teardown" time="0.0" classname="com.vrt.testcases.assetCreationTest">
    <skipped/>
  </testcase> <!-- @AfterMethod Teardown -->
  <testcase name="@BeforeMethod Setup" time="0.0" classname="com.vrt.testcases.assetCreationTest">
    <skipped/>
  </testcase> <!-- @BeforeMethod Setup -->
  <testcase name="@AfterMethod Teardown" time="0.0" classname="com.vrt.testcases.assetCreationTest">
    <skipped/>
  </testcase> <!-- @AfterMethod Teardown -->
  <testcase name="@BeforeMethod Setup" time="0.0" classname="com.vrt.testcases.assetCreationTest">
    <skipped/>
  </testcase> <!-- @BeforeMethod Setup -->
  <testcase name="@AfterMethod Teardown" time="0.0" classname="com.vrt.testcases.assetCreationTest">
    <skipped/>
  </testcase> <!-- @AfterMethod Teardown -->
  <testcase name="@BeforeMethod Setup" time="0.0" classname="com.vrt.testcases.assetCreationTest">
    <skipped/>
  </testcase> <!-- @BeforeMethod Setup -->
  <testcase name="@AfterMethod Teardown" time="0.0" classname="com.vrt.testcases.assetCreationTest">
    <skipped/>
  </testcase> <!-- @AfterMethod Teardown -->
  <testcase name="@BeforeMethod Setup" time="0.0" classname="com.vrt.testcases.assetCreationTest">
    <skipped/>
  </testcase> <!-- @BeforeMethod Setup -->
  <testcase name="@AfterMethod Teardown" time="0.0" classname="com.vrt.testcases.assetCreationTest">
    <skipped/>
  </testcase> <!-- @AfterMethod Teardown -->
  <testcase name="@BeforeMethod Setup" time="0.0" classname="com.vrt.testcases.assetCreationTest">
    <skipped/>
  </testcase> <!-- @BeforeMethod Setup -->
  <testcase name="@AfterMethod Teardown" time="0.0" classname="com.vrt.testcases.assetCreationTest">
    <skipped/>
  </testcase> <!-- @AfterMethod Teardown -->
  <testcase name="@BeforeMethod Setup" time="0.0" classname="com.vrt.testcases.assetCreationTest">
    <skipped/>
  </testcase> <!-- @BeforeMethod Setup -->
  <testcase name="@AfterMethod Teardown" time="0.0" classname="com.vrt.testcases.assetCreationTest">
    <skipped/>
  </testcase> <!-- @AfterMethod Teardown -->
  <testcase name="@BeforeMethod Setup" time="0.0" classname="com.vrt.testcases.assetCreationTest">
    <skipped/>
  </testcase> <!-- @BeforeMethod Setup -->
  <testcase name="@AfterMethod Teardown" time="0.0" classname="com.vrt.testcases.assetCreationTest">
    <skipped/>
  </testcase> <!-- @AfterMethod Teardown -->
  <testcase name="@BeforeMethod Setup" time="0.0" classname="com.vrt.testcases.assetCreationTest">
    <skipped/>
  </testcase> <!-- @BeforeMethod Setup -->
  <testcase name="@AfterMethod Teardown" time="0.0" classname="com.vrt.testcases.assetCreationTest">
    <skipped/>
  </testcase> <!-- @AfterMethod Teardown -->
  <testcase name="@BeforeMethod Setup" time="0.0" classname="com.vrt.testcases.assetCreationTest">
    <skipped/>
  </testcase> <!-- @BeforeMethod Setup -->
  <testcase name="@AfterMethod Teardown" time="0.0" classname="com.vrt.testcases.assetCreationTest">
    <skipped/>
  </testcase> <!-- @AfterMethod Teardown -->
  <testcase name="@BeforeMethod Setup" time="0.0" classname="com.vrt.testcases.assetCreationTest">
    <skipped/>
  </testcase> <!-- @BeforeMethod Setup -->
  <testcase name="@AfterMethod Teardown" time="0.0" classname="com.vrt.testcases.assetCreationTest">
    <skipped/>
  </testcase> <!-- @AfterMethod Teardown -->
  <testcase name="@BeforeMethod Setup" time="0.0" classname="com.vrt.testcases.assetCreationTest">
    <skipped/>
  </testcase> <!-- @BeforeMethod Setup -->
  <testcase name="@AfterMethod Teardown" time="0.0" classname="com.vrt.testcases.assetCreationTest">
    <skipped/>
  </testcase> <!-- @AfterMethod Teardown -->
  <testcase name="@BeforeMethod Setup" time="0.0" classname="com.vrt.testcases.assetCreationTest">
    <skipped/>
  </testcase> <!-- @BeforeMethod Setup -->
  <testcase name="@AfterMethod Teardown" time="0.0" classname="com.vrt.testcases.assetCreationTest">
    <skipped/>
  </testcase> <!-- @AfterMethod Teardown -->
  <testcase name="@BeforeMethod Setup" time="0.0" classname="com.vrt.testcases.assetCreationTest">
    <skipped/>
  </testcase> <!-- @BeforeMethod Setup -->
  <testcase name="@AfterMethod Teardown" time="0.0" classname="com.vrt.testcases.assetCreationTest">
    <skipped/>
  </testcase> <!-- @AfterMethod Teardown -->
  <testcase name="@BeforeMethod Setup" time="0.0" classname="com.vrt.testcases.assetCreationTest">
    <skipped/>
  </testcase> <!-- @BeforeMethod Setup -->
  <testcase name="@AfterMethod Teardown" time="0.0" classname="com.vrt.testcases.assetCreationTest">
    <skipped/>
  </testcase> <!-- @AfterMethod Teardown -->
  <testcase name="@BeforeMethod Setup" time="0.0" classname="com.vrt.testcases.assetCreationTest">
    <skipped/>
  </testcase> <!-- @BeforeMethod Setup -->
  <testcase name="@AfterMethod Teardown" time="0.0" classname="com.vrt.testcases.assetCreationTest">
    <skipped/>
  </testcase> <!-- @AfterMethod Teardown -->
  <testcase name="@BeforeMethod Setup" time="0.0" classname="com.vrt.testcases.assetCreationTest">
    <skipped/>
  </testcase> <!-- @BeforeMethod Setup -->
  <testcase name="@AfterMethod Teardown" time="0.0" classname="com.vrt.testcases.assetCreationTest">
    <skipped/>
  </testcase> <!-- @AfterMethod Teardown -->
  <testcase name="@BeforeMethod Setup" time="0.0" classname="com.vrt.testcases.assetCreationTest">
    <skipped/>
  </testcase> <!-- @BeforeMethod Setup -->
  <testcase name="@AfterMethod Teardown" time="0.0" classname="com.vrt.testcases.assetCreationTest">
    <skipped/>
  </testcase> <!-- @AfterMethod Teardown -->
  <testcase name="@BeforeMethod Setup" time="0.0" classname="com.vrt.testcases.assetCreationTest">
    <skipped/>
  </testcase> <!-- @BeforeMethod Setup -->
  <testcase name="@AfterMethod Teardown" time="0.0" classname="com.vrt.testcases.assetCreationTest">
    <skipped/>
  </testcase> <!-- @AfterMethod Teardown -->
  <testcase name="@BeforeMethod Setup" time="0.0" classname="com.vrt.testcases.assetCreationTest">
    <skipped/>
  </testcase> <!-- @BeforeMethod Setup -->
  <testcase name="@AfterMethod Teardown" time="0.0" classname="com.vrt.testcases.assetCreationTest">
    <skipped/>
  </testcase> <!-- @AfterMethod Teardown -->
  <testcase name="@BeforeMethod Setup" time="0.0" classname="com.vrt.testcases.assetCreationTest">
    <skipped/>
  </testcase> <!-- @BeforeMethod Setup -->
  <testcase name="@AfterMethod Teardown" time="0.0" classname="com.vrt.testcases.assetCreationTest">
    <skipped/>
  </testcase> <!-- @AfterMethod Teardown -->
  <testcase name="@BeforeMethod Setup" time="0.0" classname="com.vrt.testcases.assetCreationTest">
    <skipped/>
  </testcase> <!-- @BeforeMethod Setup -->
  <testcase name="@AfterMethod Teardown" time="0.0" classname="com.vrt.testcases.assetCreationTest">
    <skipped/>
  </testcase> <!-- @AfterMethod Teardown -->
  <testcase name="@BeforeMethod Setup" time="0.0" classname="com.vrt.testcases.assetCreationTest">
    <skipped/>
  </testcase> <!-- @BeforeMethod Setup -->
  <testcase name="@AfterMethod Teardown" time="0.0" classname="com.vrt.testcases.assetCreationTest">
    <skipped/>
  </testcase> <!-- @AfterMethod Teardown -->
  <testcase name="@BeforeMethod Setup" time="0.0" classname="com.vrt.testcases.assetCreationTest">
    <skipped/>
  </testcase> <!-- @BeforeMethod Setup -->
  <testcase name="@AfterMethod Teardown" time="0.0" classname="com.vrt.testcases.assetCreationTest">
    <skipped/>
  </testcase> <!-- @AfterMethod Teardown -->
  <testcase name="@BeforeMethod Setup" time="0.0" classname="com.vrt.testcases.assetCreationTest">
    <skipped/>
  </testcase> <!-- @BeforeMethod Setup -->
  <testcase name="@AfterMethod Teardown" time="0.0" classname="com.vrt.testcases.assetCreationTest">
    <skipped/>
  </testcase> <!-- @AfterMethod Teardown -->
  <testcase name="@BeforeMethod Setup" time="0.0" classname="com.vrt.testcases.assetCreationTest">
    <skipped/>
  </testcase> <!-- @BeforeMethod Setup -->
  <testcase name="@AfterMethod Teardown" time="0.0" classname="com.vrt.testcases.assetCreationTest">
    <skipped/>
  </testcase> <!-- @AfterMethod Teardown -->
  <testcase name="@BeforeMethod Setup" time="0.0" classname="com.vrt.testcases.assetCreationTest">
    <skipped/>
  </testcase> <!-- @BeforeMethod Setup -->
  <testcase name="@AfterMethod Teardown" time="0.0" classname="com.vrt.testcases.assetCreationTest">
    <skipped/>
  </testcase> <!-- @AfterMethod Teardown -->
  <testcase name="@BeforeMethod Setup" time="0.0" classname="com.vrt.testcases.assetCreationTest">
    <skipped/>
  </testcase> <!-- @BeforeMethod Setup -->
  <testcase name="@AfterMethod Teardown" time="0.0" classname="com.vrt.testcases.assetCreationTest">
    <skipped/>
  </testcase> <!-- @AfterMethod Teardown -->
  <testcase name="@BeforeMethod Setup" time="0.0" classname="com.vrt.testcases.assetCreationTest">
    <skipped/>
  </testcase> <!-- @BeforeMethod Setup -->
  <testcase name="@AfterMethod Teardown" time="0.0" classname="com.vrt.testcases.assetCreationTest">
    <skipped/>
  </testcase> <!-- @AfterMethod Teardown -->
  <testcase name="@BeforeMethod Setup" time="0.0" classname="com.vrt.testcases.assetCreationTest">
    <skipped/>
  </testcase> <!-- @BeforeMethod Setup -->
  <testcase name="@AfterMethod Teardown" time="0.0" classname="com.vrt.testcases.assetCreationTest">
    <skipped/>
  </testcase> <!-- @AfterMethod Teardown -->
  <testcase name="@BeforeMethod Setup" time="0.0" classname="com.vrt.testcases.assetCreationTest">
    <skipped/>
  </testcase> <!-- @BeforeMethod Setup -->
  <testcase name="@AfterMethod Teardown" time="0.0" classname="com.vrt.testcases.assetCreationTest">
    <skipped/>
  </testcase> <!-- @AfterMethod Teardown -->
  <testcase name="@BeforeMethod Setup" time="0.0" classname="com.vrt.testcases.assetCreationTest">
    <skipped/>
  </testcase> <!-- @BeforeMethod Setup -->
  <testcase name="@AfterMethod Teardown" time="0.0" classname="com.vrt.testcases.assetCreationTest">
    <skipped/>
  </testcase> <!-- @AfterMethod Teardown -->
  <testcase name="@BeforeMethod Setup" time="0.0" classname="com.vrt.testcases.assetCreationTest">
    <skipped/>
  </testcase> <!-- @BeforeMethod Setup -->
  <testcase name="@AfterMethod Teardown" time="0.0" classname="com.vrt.testcases.assetCreationTest">
    <skipped/>
  </testcase> <!-- @AfterMethod Teardown -->
  <testcase name="@BeforeMethod Setup" time="0.0" classname="com.vrt.testcases.assetCreationTest">
    <skipped/>
  </testcase> <!-- @BeforeMethod Setup -->
  <testcase name="@AfterMethod Teardown" time="0.0" classname="com.vrt.testcases.assetCreationTest">
    <skipped/>
  </testcase> <!-- @AfterMethod Teardown -->
  <testcase name="@BeforeMethod Setup" time="0.0" classname="com.vrt.testcases.assetCreationTest">
    <skipped/>
  </testcase> <!-- @BeforeMethod Setup -->
  <testcase name="@AfterMethod Teardown" time="0.0" classname="com.vrt.testcases.assetCreationTest">
    <skipped/>
  </testcase> <!-- @AfterMethod Teardown -->
  <testcase name="@BeforeMethod Setup" time="0.0" classname="com.vrt.testcases.assetCreationTest">
    <skipped/>
  </testcase> <!-- @BeforeMethod Setup -->
  <testcase name="@AfterMethod Teardown" time="0.0" classname="com.vrt.testcases.assetCreationTest">
    <skipped/>
  </testcase> <!-- @AfterMethod Teardown -->
  <testcase name="@BeforeMethod Setup" time="0.0" classname="com.vrt.testcases.assetCreationTest">
    <skipped/>
  </testcase> <!-- @BeforeMethod Setup -->
  <testcase name="@AfterMethod Teardown" time="0.0" classname="com.vrt.testcases.assetCreationTest">
    <skipped/>
  </testcase> <!-- @AfterMethod Teardown -->
  <testcase name="@BeforeMethod Setup" time="0.0" classname="com.vrt.testcases.assetCreationTest">
    <skipped/>
  </testcase> <!-- @BeforeMethod Setup -->
  <testcase name="@AfterMethod Teardown" time="0.0" classname="com.vrt.testcases.assetCreationTest">
    <skipped/>
  </testcase> <!-- @AfterMethod Teardown -->
  <testcase name="@BeforeMethod Setup" time="0.0" classname="com.vrt.testcases.assetCreationTest">
    <skipped/>
  </testcase> <!-- @BeforeMethod Setup -->
  <testcase name="@AfterMethod Teardown" time="0.0" classname="com.vrt.testcases.assetCreationTest">
    <skipped/>
  </testcase> <!-- @AfterMethod Teardown -->
  <testcase name="@BeforeMethod Setup" time="0.0" classname="com.vrt.testcases.assetCreationTest">
    <skipped/>
  </testcase> <!-- @BeforeMethod Setup -->
  <testcase name="@AfterMethod Teardown" time="0.0" classname="com.vrt.testcases.assetCreationTest">
    <skipped/>
  </testcase> <!-- @AfterMethod Teardown -->
  <testcase name="@BeforeMethod Setup" time="0.0" classname="com.vrt.testcases.assetCreationTest">
    <skipped/>
  </testcase> <!-- @BeforeMethod Setup -->
  <testcase name="@AfterMethod Teardown" time="0.0" classname="com.vrt.testcases.assetCreationTest">
    <skipped/>
  </testcase> <!-- @AfterMethod Teardown -->
  <testcase name="@BeforeMethod Setup" time="0.0" classname="com.vrt.testcases.assetCreationTest">
    <skipped/>
  </testcase> <!-- @BeforeMethod Setup -->
  <testcase name="@AfterMethod Teardown" time="0.0" classname="com.vrt.testcases.assetCreationTest">
    <skipped/>
  </testcase> <!-- @AfterMethod Teardown -->
  <testcase name="@BeforeMethod Setup" time="0.0" classname="com.vrt.testcases.assetCreationTest">
    <skipped/>
  </testcase> <!-- @BeforeMethod Setup -->
  <testcase name="@AfterMethod Teardown" time="0.0" classname="com.vrt.testcases.assetCreationTest">
    <skipped/>
  </testcase> <!-- @AfterMethod Teardown -->
  <testcase name="@BeforeMethod Setup" time="0.0" classname="com.vrt.testcases.assetCreationTest">
    <skipped/>
  </testcase> <!-- @BeforeMethod Setup -->
  <testcase name="@AfterMethod Teardown" time="0.0" classname="com.vrt.testcases.assetCreationTest">
    <skipped/>
  </testcase> <!-- @AfterMethod Teardown -->
  <testcase name="@BeforeMethod Setup" time="0.0" classname="com.vrt.testcases.assetCreationTest">
    <skipped/>
  </testcase> <!-- @BeforeMethod Setup -->
  <testcase name="@AfterMethod Teardown" time="0.0" classname="com.vrt.testcases.assetCreationTest">
    <skipped/>
  </testcase> <!-- @AfterMethod Teardown -->
  <testcase name="@BeforeMethod Setup" time="0.0" classname="com.vrt.testcases.assetCreationTest">
    <skipped/>
  </testcase> <!-- @BeforeMethod Setup -->
  <testcase name="@AfterMethod Teardown" time="0.0" classname="com.vrt.testcases.assetCreationTest">
    <skipped/>
  </testcase> <!-- @AfterMethod Teardown -->
  <testcase name="@BeforeMethod Setup" time="0.0" classname="com.vrt.testcases.assetCreationTest">
    <skipped/>
  </testcase> <!-- @BeforeMethod Setup -->
  <testcase name="@AfterMethod Teardown" time="0.0" classname="com.vrt.testcases.assetCreationTest">
    <skipped/>
  </testcase> <!-- @AfterMethod Teardown -->
  <testcase name="@BeforeMethod Setup" time="0.0" classname="com.vrt.testcases.assetCreationTest">
    <skipped/>
  </testcase> <!-- @BeforeMethod Setup -->
  <testcase name="@AfterMethod Teardown" time="0.0" classname="com.vrt.testcases.assetCreationTest">
    <skipped/>
  </testcase> <!-- @AfterMethod Teardown -->
  <testcase name="@BeforeMethod Setup" time="0.0" classname="com.vrt.testcases.assetCreationTest">
    <skipped/>
  </testcase> <!-- @BeforeMethod Setup -->
  <testcase name="@AfterMethod Teardown" time="0.0" classname="com.vrt.testcases.assetCreationTest">
    <skipped/>
  </testcase> <!-- @AfterMethod Teardown -->
  <testcase name="@BeforeMethod Setup" time="0.0" classname="com.vrt.testcases.assetCreationTest">
    <skipped/>
  </testcase> <!-- @BeforeMethod Setup -->
  <testcase name="@AfterMethod Teardown" time="0.0" classname="com.vrt.testcases.assetCreationTest">
    <skipped/>
  </testcase> <!-- @AfterMethod Teardown -->
  <testcase name="@BeforeMethod Setup" time="0.0" classname="com.vrt.testcases.assetCreationTest">
    <skipped/>
  </testcase> <!-- @BeforeMethod Setup -->
  <testcase name="@AfterMethod Teardown" time="0.0" classname="com.vrt.testcases.assetCreationTest">
    <skipped/>
  </testcase> <!-- @AfterMethod Teardown -->
  <testcase name="@BeforeMethod Setup" time="0.0" classname="com.vrt.testcases.assetCreationTest">
    <skipped/>
  </testcase> <!-- @BeforeMethod Setup -->
  <testcase name="@AfterMethod Teardown" time="0.0" classname="com.vrt.testcases.assetCreationTest">
    <skipped/>
  </testcase> <!-- @AfterMethod Teardown -->
  <testcase name="@BeforeMethod Setup" time="0.0" classname="com.vrt.testcases.assetCreationTest">
    <skipped/>
  </testcase> <!-- @BeforeMethod Setup -->
  <testcase name="@AfterMethod Teardown" time="0.0" classname="com.vrt.testcases.assetCreationTest">
    <skipped/>
  </testcase> <!-- @AfterMethod Teardown -->
  <testcase name="@BeforeMethod Setup" time="0.0" classname="com.vrt.testcases.assetCreationTest">
    <skipped/>
  </testcase> <!-- @BeforeMethod Setup -->
  <testcase name="@AfterMethod Teardown" time="0.0" classname="com.vrt.testcases.assetCreationTest">
    <skipped/>
  </testcase> <!-- @AfterMethod Teardown -->
  <testcase name="@BeforeMethod Setup" time="0.0" classname="com.vrt.testcases.assetCreationTest">
    <skipped/>
  </testcase> <!-- @BeforeMethod Setup -->
  <testcase name="@AfterMethod Teardown" time="0.0" classname="com.vrt.testcases.assetCreationTest">
    <skipped/>
  </testcase> <!-- @AfterMethod Teardown -->
  <testcase name="@BeforeMethod Setup" time="0.0" classname="com.vrt.testcases.assetCreationTest">
    <skipped/>
  </testcase> <!-- @BeforeMethod Setup -->
  <testcase name="@AfterMethod Teardown" time="0.0" classname="com.vrt.testcases.assetCreationTest">
    <skipped/>
  </testcase> <!-- @AfterMethod Teardown -->
  <testcase name="@BeforeMethod Setup" time="0.0" classname="com.vrt.testcases.assetCreationTest">
    <skipped/>
  </testcase> <!-- @BeforeMethod Setup -->
  <testcase name="@AfterMethod Teardown" time="0.0" classname="com.vrt.testcases.assetCreationTest">
    <skipped/>
  </testcase> <!-- @AfterMethod Teardown -->
  <testcase name="@BeforeMethod Setup" time="0.0" classname="com.vrt.testcases.assetCreationTest">
    <skipped/>
  </testcase> <!-- @BeforeMethod Setup -->
  <testcase name="@AfterMethod Teardown" time="0.0" classname="com.vrt.testcases.assetCreationTest">
    <skipped/>
  </testcase> <!-- @AfterMethod Teardown -->
  <testcase name="@BeforeMethod Setup" time="0.0" classname="com.vrt.testcases.assetCreationTest">
    <skipped/>
  </testcase> <!-- @BeforeMethod Setup -->
  <testcase name="@AfterMethod Teardown" time="0.0" classname="com.vrt.testcases.assetCreationTest">
    <skipped/>
  </testcase> <!-- @AfterMethod Teardown -->
  <testcase name="@BeforeMethod Setup" time="0.0" classname="com.vrt.testcases.assetCreationTest">
    <skipped/>
  </testcase> <!-- @BeforeMethod Setup -->
  <testcase name="@AfterMethod Teardown" time="0.0" classname="com.vrt.testcases.assetCreationTest">
    <skipped/>
  </testcase> <!-- @AfterMethod Teardown -->
  <testcase name="@BeforeMethod Setup" time="0.0" classname="com.vrt.testcases.assetCreationTest">
    <skipped/>
  </testcase> <!-- @BeforeMethod Setup -->
  <testcase name="@AfterMethod Teardown" time="0.0" classname="com.vrt.testcases.assetCreationTest">
    <skipped/>
  </testcase> <!-- @AfterMethod Teardown -->
  <testcase name="@BeforeMethod Setup" time="0.0" classname="com.vrt.testcases.assetCreationTest">
    <skipped/>
  </testcase> <!-- @BeforeMethod Setup -->
  <testcase name="@AfterMethod Teardown" time="0.0" classname="com.vrt.testcases.assetCreationTest">
    <skipped/>
  </testcase> <!-- @AfterMethod Teardown -->
  <testcase name="@BeforeMethod Setup" time="0.0" classname="com.vrt.testcases.assetCreationTest">
    <skipped/>
  </testcase> <!-- @BeforeMethod Setup -->
  <testcase name="@AfterMethod Teardown" time="0.0" classname="com.vrt.testcases.assetCreationTest">
    <skipped/>
  </testcase> <!-- @AfterMethod Teardown -->
  <testcase name="@BeforeMethod Setup" time="0.0" classname="com.vrt.testcases.assetCreationTest">
    <skipped/>
  </testcase> <!-- @BeforeMethod Setup -->
  <testcase name="@AfterMethod Teardown" time="0.0" classname="com.vrt.testcases.assetCreationTest">
    <skipped/>
  </testcase> <!-- @AfterMethod Teardown -->
  <testcase name="@BeforeMethod Setup" time="0.0" classname="com.vrt.testcases.assetCreationTest">
    <skipped/>
  </testcase> <!-- @BeforeMethod Setup -->
  <testcase name="@AfterMethod Teardown" time="0.0" classname="com.vrt.testcases.assetCreationTest">
    <skipped/>
  </testcase> <!-- @AfterMethod Teardown -->
  <testcase name="@BeforeMethod Setup" time="0.0" classname="com.vrt.testcases.assetCreationTest">
    <skipped/>
  </testcase> <!-- @BeforeMethod Setup -->
  <testcase name="@AfterMethod Teardown" time="0.0" classname="com.vrt.testcases.assetCreationTest">
    <skipped/>
  </testcase> <!-- @AfterMethod Teardown -->
  <testcase name="@BeforeMethod Setup" time="0.0" classname="com.vrt.testcases.assetCreationTest">
    <skipped/>
  </testcase> <!-- @BeforeMethod Setup -->
  <testcase name="@AfterMethod Teardown" time="0.0" classname="com.vrt.testcases.assetCreationTest">
    <skipped/>
  </testcase> <!-- @AfterMethod Teardown -->
  <testcase name="@BeforeMethod Setup" time="0.0" classname="com.vrt.testcases.assetCreationTest">
    <skipped/>
  </testcase> <!-- @BeforeMethod Setup -->
  <testcase name="@AfterMethod Teardown" time="0.0" classname="com.vrt.testcases.assetCreationTest">
    <skipped/>
  </testcase> <!-- @AfterMethod Teardown -->
  <testcase name="@BeforeMethod Setup" time="0.0" classname="com.vrt.testcases.assetCreationTest">
    <skipped/>
  </testcase> <!-- @BeforeMethod Setup -->
  <testcase name="@AfterMethod Teardown" time="0.0" classname="com.vrt.testcases.assetCreationTest">
    <skipped/>
  </testcase> <!-- @AfterMethod Teardown -->
  <testcase name="@BeforeMethod Setup" time="0.0" classname="com.vrt.testcases.assetCreationTest">
    <skipped/>
  </testcase> <!-- @BeforeMethod Setup -->
  <testcase name="@AfterMethod Teardown" time="0.0" classname="com.vrt.testcases.assetCreationTest">
    <skipped/>
  </testcase> <!-- @AfterMethod Teardown -->
  <testcase name="@BeforeMethod Setup" time="0.0" classname="com.vrt.testcases.assetCreationTest">
    <skipped/>
  </testcase> <!-- @BeforeMethod Setup -->
  <testcase name="@AfterMethod Teardown" time="0.0" classname="com.vrt.testcases.assetCreationTest">
    <skipped/>
  </testcase> <!-- @AfterMethod Teardown -->
  <testcase name="@BeforeMethod Setup" time="0.0" classname="com.vrt.testcases.assetCreationTest">
    <skipped/>
  </testcase> <!-- @BeforeMethod Setup -->
  <testcase name="@AfterMethod Teardown" time="0.0" classname="com.vrt.testcases.assetCreationTest">
    <skipped/>
  </testcase> <!-- @AfterMethod Teardown -->
  <testcase name="@BeforeMethod Setup" time="0.0" classname="com.vrt.testcases.assetCreationTest">
    <skipped/>
  </testcase> <!-- @BeforeMethod Setup -->
  <testcase name="@AfterMethod Teardown" time="0.0" classname="com.vrt.testcases.assetCreationTest">
    <skipped/>
  </testcase> <!-- @AfterMethod Teardown -->
  <testcase name="@BeforeMethod Setup" time="0.0" classname="com.vrt.testcases.assetCreationTest">
    <skipped/>
  </testcase> <!-- @BeforeMethod Setup -->
  <testcase name="@AfterMethod Teardown" time="0.0" classname="com.vrt.testcases.assetCreationTest">
    <skipped/>
  </testcase> <!-- @AfterMethod Teardown -->
  <testcase name="@BeforeMethod Setup" time="0.0" classname="com.vrt.testcases.assetCreationTest">
    <skipped/>
  </testcase> <!-- @BeforeMethod Setup -->
  <testcase name="@AfterMethod Teardown" time="0.0" classname="com.vrt.testcases.assetCreationTest">
    <skipped/>
  </testcase> <!-- @AfterMethod Teardown -->
  <testcase name="@BeforeMethod Setup" time="0.0" classname="com.vrt.testcases.assetCreationTest">
    <skipped/>
  </testcase> <!-- @BeforeMethod Setup -->
  <testcase name="@AfterMethod Teardown" time="0.0" classname="com.vrt.testcases.assetCreationTest">
    <skipped/>
  </testcase> <!-- @AfterMethod Teardown -->
  <testcase name="@BeforeMethod Setup" time="0.0" classname="com.vrt.testcases.assetCreationTest">
    <skipped/>
  </testcase> <!-- @BeforeMethod Setup -->
  <testcase name="@AfterMethod Teardown" time="0.0" classname="com.vrt.testcases.assetCreationTest">
    <skipped/>
  </testcase> <!-- @AfterMethod Teardown -->
  <testcase name="@BeforeMethod Setup" time="0.0" classname="com.vrt.testcases.assetCreationTest">
    <skipped/>
  </testcase> <!-- @BeforeMethod Setup -->
  <testcase name="@AfterMethod Teardown" time="0.0" classname="com.vrt.testcases.assetCreationTest">
    <skipped/>
  </testcase> <!-- @AfterMethod Teardown -->
  <testcase name="@BeforeMethod Setup" time="0.0" classname="com.vrt.testcases.assetCreationTest">
    <skipped/>
  </testcase> <!-- @BeforeMethod Setup -->
  <testcase name="@AfterMethod Teardown" time="0.0" classname="com.vrt.testcases.assetCreationTest">
    <skipped/>
  </testcase> <!-- @AfterMethod Teardown -->
  <testcase name="@BeforeMethod Setup" time="0.0" classname="com.vrt.testcases.assetCreationTest">
    <skipped/>
  </testcase> <!-- @BeforeMethod Setup -->
  <testcase name="@AfterMethod Teardown" time="0.0" classname="com.vrt.testcases.assetCreationTest">
    <skipped/>
  </testcase> <!-- @AfterMethod Teardown -->
  <testcase name="@BeforeMethod Setup" time="0.0" classname="com.vrt.testcases.assetCreationTest">
    <skipped/>
  </testcase> <!-- @BeforeMethod Setup -->
  <testcase name="@AfterMethod Teardown" time="0.0" classname="com.vrt.testcases.assetCreationTest">
    <skipped/>
  </testcase> <!-- @AfterMethod Teardown -->
  <testcase name="@BeforeMethod Setup" time="0.0" classname="com.vrt.testcases.assetCreationTest">
    <skipped/>
  </testcase> <!-- @BeforeMethod Setup -->
  <testcase name="@AfterMethod Teardown" time="0.0" classname="com.vrt.testcases.assetCreationTest">
    <skipped/>
  </testcase> <!-- @AfterMethod Teardown -->
  <testcase name="@BeforeMethod Setup" time="0.0" classname="com.vrt.testcases.assetCreationTest">
    <skipped/>
  </testcase> <!-- @BeforeMethod Setup -->
  <testcase name="@AfterMethod Teardown" time="0.0" classname="com.vrt.testcases.assetCreationTest">
    <skipped/>
  </testcase> <!-- @AfterMethod Teardown -->
  <testcase name="@BeforeMethod Setup" time="0.0" classname="com.vrt.testcases.assetCreationTest">
    <skipped/>
  </testcase> <!-- @BeforeMethod Setup -->
  <testcase name="@AfterMethod Teardown" time="0.0" classname="com.vrt.testcases.assetCreationTest">
    <skipped/>
  </testcase> <!-- @AfterMethod Teardown -->
  <testcase name="@BeforeMethod Setup" time="0.0" classname="com.vrt.testcases.assetCreationTest">
    <skipped/>
  </testcase> <!-- @BeforeMethod Setup -->
  <testcase name="@AfterMethod Teardown" time="0.0" classname="com.vrt.testcases.assetCreationTest">
    <skipped/>
  </testcase> <!-- @AfterMethod Teardown -->
  <testcase name="@BeforeMethod Setup" time="0.0" classname="com.vrt.testcases.assetCreationTest">
    <skipped/>
  </testcase> <!-- @BeforeMethod Setup -->
  <testcase name="@AfterMethod Teardown" time="0.0" classname="com.vrt.testcases.assetCreationTest">
    <skipped/>
  </testcase> <!-- @AfterMethod Teardown -->
  <testcase name="@BeforeMethod Setup" time="0.0" classname="com.vrt.testcases.assetCreationTest">
    <skipped/>
  </testcase> <!-- @BeforeMethod Setup -->
  <testcase name="@AfterMethod Teardown" time="0.0" classname="com.vrt.testcases.assetCreationTest">
    <skipped/>
  </testcase> <!-- @AfterMethod Teardown -->
  <testcase name="@BeforeMethod Setup" time="0.0" classname="com.vrt.testcases.assetCreationTest">
    <skipped/>
  </testcase> <!-- @BeforeMethod Setup -->
  <testcase name="@AfterMethod Teardown" time="0.0" classname="com.vrt.testcases.assetCreationTest">
    <skipped/>
  </testcase> <!-- @AfterMethod Teardown -->
  <testcase name="@BeforeMethod Setup" time="0.0" classname="com.vrt.testcases.assetCreationTest">
    <skipped/>
  </testcase> <!-- @BeforeMethod Setup -->
  <testcase name="@AfterMethod Teardown" time="0.0" classname="com.vrt.testcases.assetCreationTest">
    <skipped/>
  </testcase> <!-- @AfterMethod Teardown -->
  <testcase name="@BeforeMethod Setup" time="0.0" classname="com.vrt.testcases.assetCreationTest">
    <skipped/>
  </testcase> <!-- @BeforeMethod Setup -->
  <testcase name="@AfterMethod Teardown" time="0.0" classname="com.vrt.testcases.assetCreationTest">
    <skipped/>
  </testcase> <!-- @AfterMethod Teardown -->
  <testcase name="@BeforeMethod Setup" time="0.0" classname="com.vrt.testcases.assetCreationTest">
    <skipped/>
  </testcase> <!-- @BeforeMethod Setup -->
  <testcase name="@AfterMethod Teardown" time="0.0" classname="com.vrt.testcases.assetCreationTest">
    <skipped/>
  </testcase> <!-- @AfterMethod Teardown -->
  <testcase name="@BeforeMethod Setup" time="0.0" classname="com.vrt.testcases.assetCreationTest">
    <skipped/>
  </testcase> <!-- @BeforeMethod Setup -->
  <testcase name="@AfterMethod Teardown" time="0.0" classname="com.vrt.testcases.assetCreationTest">
    <skipped/>
  </testcase> <!-- @AfterMethod Teardown -->
  <testcase name="@BeforeMethod Setup" time="0.0" classname="com.vrt.testcases.assetCreationTest">
    <skipped/>
  </testcase> <!-- @BeforeMethod Setup -->
  <testcase name="@AfterMethod Teardown" time="0.0" classname="com.vrt.testcases.assetCreationTest">
    <skipped/>
  </testcase> <!-- @AfterMethod Teardown -->
  <testcase name="@BeforeMethod Setup" time="0.0" classname="com.vrt.testcases.assetCreationTest">
    <skipped/>
  </testcase> <!-- @BeforeMethod Setup -->
  <testcase name="@AfterMethod Teardown" time="0.0" classname="com.vrt.testcases.assetCreationTest">
    <skipped/>
  </testcase> <!-- @AfterMethod Teardown -->
  <testcase name="@BeforeMethod Setup" time="0.0" classname="com.vrt.testcases.assetCreationTest">
    <skipped/>
  </testcase> <!-- @BeforeMethod Setup -->
  <testcase name="@AfterMethod Teardown" time="0.0" classname="com.vrt.testcases.assetCreationTest">
    <skipped/>
  </testcase> <!-- @AfterMethod Teardown -->
  <testcase name="@BeforeMethod Setup" time="0.0" classname="com.vrt.testcases.assetCreationTest">
    <skipped/>
  </testcase> <!-- @BeforeMethod Setup -->
  <testcase name="@AfterMethod Teardown" time="0.0" classname="com.vrt.testcases.assetCreationTest">
    <skipped/>
  </testcase> <!-- @AfterMethod Teardown -->
  <testcase name="@BeforeMethod Setup" time="0.0" classname="com.vrt.testcases.assetCreationTest">
    <skipped/>
  </testcase> <!-- @BeforeMethod Setup -->
  <testcase name="@AfterMethod Teardown" time="0.0" classname="com.vrt.testcases.assetCreationTest">
    <skipped/>
  </testcase> <!-- @AfterMethod Teardown -->
  <testcase name="@BeforeMethod Setup" time="0.0" classname="com.vrt.testcases.assetCreationTest">
    <skipped/>
  </testcase> <!-- @BeforeMethod Setup -->
  <testcase name="@AfterMethod Teardown" time="0.0" classname="com.vrt.testcases.assetCreationTest">
    <skipped/>
  </testcase> <!-- @AfterMethod Teardown -->
  <testcase name="@BeforeMethod Setup" time="0.0" classname="com.vrt.testcases.assetCreationTest">
    <skipped/>
  </testcase> <!-- @BeforeMethod Setup -->
  <testcase name="@AfterMethod Teardown" time="0.0" classname="com.vrt.testcases.assetCreationTest">
    <skipped/>
  </testcase> <!-- @AfterMethod Teardown -->
  <testcase name="@BeforeMethod Setup" time="0.0" classname="com.vrt.testcases.assetCreationTest">
    <skipped/>
  </testcase> <!-- @BeforeMethod Setup -->
  <testcase name="@AfterMethod Teardown" time="0.0" classname="com.vrt.testcases.assetCreationTest">
    <skipped/>
  </testcase> <!-- @AfterMethod Teardown -->
  <testcase name="@BeforeMethod Setup" time="0.0" classname="com.vrt.testcases.assetCreationTest">
    <skipped/>
  </testcase> <!-- @BeforeMethod Setup -->
  <testcase name="@AfterMethod Teardown" time="0.0" classname="com.vrt.testcases.assetCreationTest">
    <skipped/>
  </testcase> <!-- @AfterMethod Teardown -->
  <testcase name="@BeforeMethod Setup" time="0.0" classname="com.vrt.testcases.assetCreationTest">
    <skipped/>
  </testcase> <!-- @BeforeMethod Setup -->
  <testcase name="@AfterMethod Teardown" time="0.0" classname="com.vrt.testcases.assetCreationTest">
    <skipped/>
  </testcase> <!-- @AfterMethod Teardown -->
  <testcase name="@BeforeMethod Setup" time="0.0" classname="com.vrt.testcases.assetCreationTest">
    <skipped/>
  </testcase> <!-- @BeforeMethod Setup -->
  <testcase name="@AfterMethod Teardown" time="0.0" classname="com.vrt.testcases.assetCreationTest">
    <skipped/>
  </testcase> <!-- @AfterMethod Teardown -->
  <testcase name="@BeforeMethod Setup" time="0.0" classname="com.vrt.testcases.assetCreationTest">
    <skipped/>
  </testcase> <!-- @BeforeMethod Setup -->
  <testcase name="@AfterMethod Teardown" time="0.0" classname="com.vrt.testcases.assetCreationTest">
    <skipped/>
  </testcase> <!-- @AfterMethod Teardown -->
  <testcase name="@BeforeMethod Setup" time="0.0" classname="com.vrt.testcases.assetCreationTest">
    <skipped/>
  </testcase> <!-- @BeforeMethod Setup -->
  <testcase name="@AfterMethod Teardown" time="0.0" classname="com.vrt.testcases.assetCreationTest">
    <skipped/>
  </testcase> <!-- @AfterMethod Teardown -->
  <testcase name="@BeforeMethod Setup" time="0.0" classname="com.vrt.testcases.assetCreationTest">
    <skipped/>
  </testcase> <!-- @BeforeMethod Setup -->
  <testcase name="@AfterMethod Teardown" time="0.0" classname="com.vrt.testcases.assetCreationTest">
    <skipped/>
  </testcase> <!-- @AfterMethod Teardown -->
  <testcase name="@BeforeMethod Setup" time="0.0" classname="com.vrt.testcases.assetCreationTest">
    <skipped/>
  </testcase> <!-- @BeforeMethod Setup -->
  <testcase name="@AfterMethod Teardown" time="0.0" classname="com.vrt.testcases.assetCreationTest">
    <skipped/>
  </testcase> <!-- @AfterMethod Teardown -->
  <testcase name="@BeforeMethod Setup" time="0.0" classname="com.vrt.testcases.assetCreationTest">
    <skipped/>
  </testcase> <!-- @BeforeMethod Setup -->
  <testcase name="@AfterMethod Teardown" time="0.0" classname="com.vrt.testcases.assetCreationTest">
    <skipped/>
  </testcase> <!-- @AfterMethod Teardown -->
  <testcase name="@BeforeMethod Setup" time="0.0" classname="com.vrt.testcases.assetCreationTest">
    <skipped/>
  </testcase> <!-- @BeforeMethod Setup -->
  <testcase name="@AfterMethod Teardown" time="0.0" classname="com.vrt.testcases.assetCreationTest">
    <skipped/>
  </testcase> <!-- @AfterMethod Teardown -->
  <testcase name="@BeforeMethod Setup" time="0.0" classname="com.vrt.testcases.assetCreationTest">
    <skipped/>
  </testcase> <!-- @BeforeMethod Setup -->
  <testcase name="@AfterMethod Teardown" time="0.0" classname="com.vrt.testcases.assetCreationTest">
    <skipped/>
  </testcase> <!-- @AfterMethod Teardown -->
  <testcase name="@BeforeMethod Setup" time="0.0" classname="com.vrt.testcases.assetCreationTest">
    <skipped/>
  </testcase> <!-- @BeforeMethod Setup -->
  <testcase name="@AfterMethod Teardown" time="0.0" classname="com.vrt.testcases.assetCreationTest">
    <skipped/>
  </testcase> <!-- @AfterMethod Teardown -->
  <testcase name="@BeforeMethod Setup" time="0.0" classname="com.vrt.testcases.assetCreationTest">
    <skipped/>
  </testcase> <!-- @BeforeMethod Setup -->
  <testcase name="@AfterMethod Teardown" time="0.0" classname="com.vrt.testcases.assetCreationTest">
    <skipped/>
  </testcase> <!-- @AfterMethod Teardown -->
  <testcase name="@BeforeMethod Setup" time="0.0" classname="com.vrt.testcases.assetCreationTest">
    <skipped/>
  </testcase> <!-- @BeforeMethod Setup -->
  <testcase name="@AfterMethod Teardown" time="0.0" classname="com.vrt.testcases.assetCreationTest">
    <skipped/>
  </testcase> <!-- @AfterMethod Teardown -->
  <testcase name="@BeforeMethod Setup" time="0.0" classname="com.vrt.testcases.assetCreationTest">
    <skipped/>
  </testcase> <!-- @BeforeMethod Setup -->
  <testcase name="@AfterMethod Teardown" time="0.0" classname="com.vrt.testcases.assetCreationTest">
    <skipped/>
  </testcase> <!-- @AfterMethod Teardown -->
  <testcase name="@BeforeMethod Setup" time="0.0" classname="com.vrt.testcases.assetCreationTest">
    <skipped/>
  </testcase> <!-- @BeforeMethod Setup -->
  <testcase name="@AfterMethod Teardown" time="0.0" classname="com.vrt.testcases.assetCreationTest">
    <skipped/>
  </testcase> <!-- @AfterMethod Teardown -->
  <testcase name="@BeforeMethod Setup" time="0.0" classname="com.vrt.testcases.assetCreationTest">
    <skipped/>
  </testcase> <!-- @BeforeMethod Setup -->
  <testcase name="@AfterMethod Teardown" time="0.0" classname="com.vrt.testcases.assetCreationTest">
    <skipped/>
  </testcase> <!-- @AfterMethod Teardown -->
  <testcase name="@BeforeMethod Setup" time="0.0" classname="com.vrt.testcases.assetCreationTest">
    <skipped/>
  </testcase> <!-- @BeforeMethod Setup -->
  <testcase name="@AfterMethod Teardown" time="0.0" classname="com.vrt.testcases.assetCreationTest">
    <skipped/>
  </testcase> <!-- @AfterMethod Teardown -->
  <testcase name="@BeforeMethod Setup" time="0.0" classname="com.vrt.testcases.assetCreationTest">
    <skipped/>
  </testcase> <!-- @BeforeMethod Setup -->
  <testcase name="@AfterMethod Teardown" time="0.0" classname="com.vrt.testcases.assetCreationTest">
    <skipped/>
  </testcase> <!-- @AfterMethod Teardown -->
  <testcase name="@BeforeMethod Setup" time="0.0" classname="com.vrt.testcases.assetCreationTest">
    <skipped/>
  </testcase> <!-- @BeforeMethod Setup -->
  <testcase name="@AfterMethod Teardown" time="0.0" classname="com.vrt.testcases.assetCreationTest">
    <skipped/>
  </testcase> <!-- @AfterMethod Teardown -->
  <testcase name="@BeforeMethod Setup" time="0.0" classname="com.vrt.testcases.assetCreationTest">
    <skipped/>
  </testcase> <!-- @BeforeMethod Setup -->
  <testcase name="@AfterMethod Teardown" time="0.0" classname="com.vrt.testcases.assetCreationTest">
    <skipped/>
  </testcase> <!-- @AfterMethod Teardown -->
  <testcase name="@BeforeMethod Setup" time="0.0" classname="com.vrt.testcases.assetCreationTest">
    <skipped/>
  </testcase> <!-- @BeforeMethod Setup -->
  <testcase name="@AfterMethod Teardown" time="0.0" classname="com.vrt.testcases.assetCreationTest">
    <skipped/>
  </testcase> <!-- @AfterMethod Teardown -->
  <testcase name="@BeforeMethod Setup" time="0.0" classname="com.vrt.testcases.assetCreationTest">
    <skipped/>
  </testcase> <!-- @BeforeMethod Setup -->
  <testcase name="@AfterMethod Teardown" time="0.0" classname="com.vrt.testcases.assetCreationTest">
    <skipped/>
  </testcase> <!-- @AfterMethod Teardown -->
  <testcase name="@BeforeMethod Setup" time="0.0" classname="com.vrt.testcases.assetCreationTest">
    <skipped/>
  </testcase> <!-- @BeforeMethod Setup -->
  <testcase name="@AfterMethod Teardown" time="0.0" classname="com.vrt.testcases.assetCreationTest">
    <skipped/>
  </testcase> <!-- @AfterMethod Teardown -->
  <testcase name="@BeforeMethod Setup" time="0.0" classname="com.vrt.testcases.assetCreationTest">
    <skipped/>
  </testcase> <!-- @BeforeMethod Setup -->
  <testcase name="@AfterMethod Teardown" time="0.0" classname="com.vrt.testcases.assetCreationTest">
    <skipped/>
  </testcase> <!-- @AfterMethod Teardown -->
  <testcase name="@BeforeMethod Setup" time="0.0" classname="com.vrt.testcases.assetCreationTest">
    <skipped/>
  </testcase> <!-- @BeforeMethod Setup -->
  <testcase name="@AfterMethod Teardown" time="0.0" classname="com.vrt.testcases.assetCreationTest">
    <skipped/>
  </testcase> <!-- @AfterMethod Teardown -->
  <testcase name="@BeforeMethod Setup" time="0.0" classname="com.vrt.testcases.assetCreationTest">
    <skipped/>
  </testcase> <!-- @BeforeMethod Setup -->
  <testcase name="@AfterMethod Teardown" time="0.0" classname="com.vrt.testcases.assetCreationTest">
    <skipped/>
  </testcase> <!-- @AfterMethod Teardown -->
  <testcase name="@BeforeMethod Setup" time="0.0" classname="com.vrt.testcases.assetCreationTest">
    <skipped/>
  </testcase> <!-- @BeforeMethod Setup -->
  <testcase name="@AfterMethod Teardown" time="0.0" classname="com.vrt.testcases.assetCreationTest">
    <skipped/>
  </testcase> <!-- @AfterMethod Teardown -->
  <testcase name="@BeforeMethod Setup" time="0.0" classname="com.vrt.testcases.assetCreationTest">
    <skipped/>
  </testcase> <!-- @BeforeMethod Setup -->
  <testcase name="@AfterMethod Teardown" time="0.0" classname="com.vrt.testcases.assetCreationTest">
    <skipped/>
  </testcase> <!-- @AfterMethod Teardown -->
  <testcase name="@BeforeMethod Setup" time="0.0" classname="com.vrt.testcases.assetCreationTest">
    <skipped/>
  </testcase> <!-- @BeforeMethod Setup -->
  <testcase name="@AfterMethod Teardown" time="0.0" classname="com.vrt.testcases.assetCreationTest">
    <skipped/>
  </testcase> <!-- @AfterMethod Teardown -->
  <testcase name="@BeforeMethod Setup" time="0.0" classname="com.vrt.testcases.assetCreationTest">
    <skipped/>
  </testcase> <!-- @BeforeMethod Setup -->
  <testcase name="@AfterMethod Teardown" time="0.0" classname="com.vrt.testcases.assetCreationTest">
    <skipped/>
  </testcase> <!-- @AfterMethod Teardown -->
  <testcase name="@BeforeMethod Setup" time="0.0" classname="com.vrt.testcases.assetCreationTest">
    <skipped/>
  </testcase> <!-- @BeforeMethod Setup -->
  <testcase name="@AfterMethod Teardown" time="0.0" classname="com.vrt.testcases.assetCreationTest">
    <skipped/>
  </testcase> <!-- @AfterMethod Teardown -->
  <testcase name="@BeforeMethod Setup" time="0.0" classname="com.vrt.testcases.assetCreationTest">
    <skipped/>
  </testcase> <!-- @BeforeMethod Setup -->
  <testcase name="@AfterMethod Teardown" time="0.0" classname="com.vrt.testcases.assetCreationTest">
    <skipped/>
  </testcase> <!-- @AfterMethod Teardown -->
  <testcase name="@BeforeMethod Setup" time="0.0" classname="com.vrt.testcases.assetCreationTest">
    <skipped/>
  </testcase> <!-- @BeforeMethod Setup -->
  <testcase name="@AfterMethod Teardown" time="0.0" classname="com.vrt.testcases.assetCreationTest">
    <skipped/>
  </testcase> <!-- @AfterMethod Teardown -->
  <testcase name="@BeforeMethod Setup" time="0.0" classname="com.vrt.testcases.assetCreationTest">
    <skipped/>
  </testcase> <!-- @BeforeMethod Setup -->
  <testcase name="@AfterMethod Teardown" time="0.0" classname="com.vrt.testcases.assetCreationTest">
    <skipped/>
  </testcase> <!-- @AfterMethod Teardown -->
  <testcase name="@BeforeMethod Setup" time="0.0" classname="com.vrt.testcases.assetCreationTest">
    <skipped/>
  </testcase> <!-- @BeforeMethod Setup -->
  <testcase name="@AfterMethod Teardown" time="0.0" classname="com.vrt.testcases.assetCreationTest">
    <skipped/>
  </testcase> <!-- @AfterMethod Teardown -->
  <testcase name="@BeforeMethod Setup" time="0.0" classname="com.vrt.testcases.assetCreationTest">
    <skipped/>
  </testcase> <!-- @BeforeMethod Setup -->
  <testcase name="@AfterMethod Teardown" time="0.0" classname="com.vrt.testcases.assetCreationTest">
    <skipped/>
  </testcase> <!-- @AfterMethod Teardown -->
  <testcase name="@BeforeMethod Setup" time="0.0" classname="com.vrt.testcases.assetCreationTest">
    <skipped/>
  </testcase> <!-- @BeforeMethod Setup -->
  <testcase name="@AfterMethod Teardown" time="0.0" classname="com.vrt.testcases.assetCreationTest">
    <skipped/>
  </testcase> <!-- @AfterMethod Teardown -->
  <testcase name="@BeforeMethod Setup" time="0.0" classname="com.vrt.testcases.assetCreationTest">
    <skipped/>
  </testcase> <!-- @BeforeMethod Setup -->
  <testcase name="@AfterMethod Teardown" time="0.0" classname="com.vrt.testcases.assetCreationTest">
    <skipped/>
  </testcase> <!-- @AfterMethod Teardown -->
  <testcase name="@BeforeMethod Setup" time="0.0" classname="com.vrt.testcases.assetCreationTest">
    <skipped/>
  </testcase> <!-- @BeforeMethod Setup -->
  <testcase name="@AfterMethod Teardown" time="0.0" classname="com.vrt.testcases.assetCreationTest">
    <skipped/>
  </testcase> <!-- @AfterMethod Teardown -->
  <testcase name="@BeforeMethod Setup" time="0.0" classname="com.vrt.testcases.assetCreationTest">
    <skipped/>
  </testcase> <!-- @BeforeMethod Setup -->
  <testcase name="@AfterMethod Teardown" time="0.0" classname="com.vrt.testcases.assetCreationTest">
    <skipped/>
  </testcase> <!-- @AfterMethod Teardown -->
  <testcase name="@BeforeMethod Setup" time="0.0" classname="com.vrt.testcases.assetCreationTest">
    <skipped/>
  </testcase> <!-- @BeforeMethod Setup -->
  <testcase name="@AfterMethod Teardown" time="0.0" classname="com.vrt.testcases.assetCreationTest">
    <skipped/>
  </testcase> <!-- @AfterMethod Teardown -->
  <testcase name="@BeforeMethod Setup" time="0.0" classname="com.vrt.testcases.assetCreationTest">
    <skipped/>
  </testcase> <!-- @BeforeMethod Setup -->
  <testcase name="@AfterMethod Teardown" time="0.0" classname="com.vrt.testcases.assetCreationTest">
    <skipped/>
  </testcase> <!-- @AfterMethod Teardown -->
  <testcase name="@BeforeMethod Setup" time="0.0" classname="com.vrt.testcases.assetCreationTest">
    <skipped/>
  </testcase> <!-- @BeforeMethod Setup -->
  <testcase name="@AfterMethod Teardown" time="0.0" classname="com.vrt.testcases.assetCreationTest">
    <skipped/>
  </testcase> <!-- @AfterMethod Teardown -->
  <testcase name="@BeforeMethod Setup" time="0.0" classname="com.vrt.testcases.assetCreationTest">
    <skipped/>
  </testcase> <!-- @BeforeMethod Setup -->
  <testcase name="@AfterMethod Teardown" time="0.0" classname="com.vrt.testcases.assetCreationTest">
    <skipped/>
  </testcase> <!-- @AfterMethod Teardown -->
  <testcase name="@BeforeMethod Setup" time="0.0" classname="com.vrt.testcases.assetCreationTest">
    <skipped/>
  </testcase> <!-- @BeforeMethod Setup -->
  <testcase name="@AfterMethod Teardown" time="0.0" classname="com.vrt.testcases.assetCreationTest">
    <skipped/>
  </testcase> <!-- @AfterMethod Teardown -->
  <testcase name="@BeforeMethod Setup" time="0.0" classname="com.vrt.testcases.assetCreationTest">
    <skipped/>
  </testcase> <!-- @BeforeMethod Setup -->
  <testcase name="@AfterMethod Teardown" time="0.0" classname="com.vrt.testcases.assetCreationTest">
    <skipped/>
  </testcase> <!-- @AfterMethod Teardown -->
  <testcase name="@BeforeMethod Setup" time="0.0" classname="com.vrt.testcases.assetCreationTest">
    <skipped/>
  </testcase> <!-- @BeforeMethod Setup -->
  <testcase name="@AfterMethod Teardown" time="0.0" classname="com.vrt.testcases.assetCreationTest">
    <skipped/>
  </testcase> <!-- @AfterMethod Teardown -->
  <testcase name="@BeforeMethod Setup" time="0.0" classname="com.vrt.testcases.assetCreationTest">
    <skipped/>
  </testcase> <!-- @BeforeMethod Setup -->
  <testcase name="@AfterMethod Teardown" time="0.0" classname="com.vrt.testcases.assetCreationTest">
    <skipped/>
  </testcase> <!-- @AfterMethod Teardown -->
  <testcase name="@BeforeMethod Setup" time="0.0" classname="com.vrt.testcases.assetCreationTest">
    <skipped/>
  </testcase> <!-- @BeforeMethod Setup -->
  <testcase name="@AfterMethod Teardown" time="0.0" classname="com.vrt.testcases.assetCreationTest">
    <skipped/>
  </testcase> <!-- @AfterMethod Teardown -->
  <testcase name="@BeforeMethod Setup" time="0.0" classname="com.vrt.testcases.assetCreationTest">
    <skipped/>
  </testcase> <!-- @BeforeMethod Setup -->
  <testcase name="@AfterMethod Teardown" time="0.0" classname="com.vrt.testcases.assetCreationTest">
    <skipped/>
  </testcase> <!-- @AfterMethod Teardown -->
  <testcase name="@BeforeMethod Setup" time="0.0" classname="com.vrt.testcases.assetCreationTest">
    <skipped/>
  </testcase> <!-- @BeforeMethod Setup -->
  <testcase name="@AfterMethod Teardown" time="0.0" classname="com.vrt.testcases.assetCreationTest">
    <skipped/>
  </testcase> <!-- @AfterMethod Teardown -->
  <testcase name="@BeforeMethod Setup" time="0.0" classname="com.vrt.testcases.assetCreationTest">
    <skipped/>
  </testcase> <!-- @BeforeMethod Setup -->
  <testcase name="@AfterMethod Teardown" time="0.0" classname="com.vrt.testcases.assetCreationTest">
    <skipped/>
  </testcase> <!-- @AfterMethod Teardown -->
  <testcase name="@BeforeMethod Setup" time="0.0" classname="com.vrt.testcases.assetCreationTest">
    <skipped/>
  </testcase> <!-- @BeforeMethod Setup -->
  <testcase name="@AfterMethod Teardown" time="0.0" classname="com.vrt.testcases.assetCreationTest">
    <skipped/>
  </testcase> <!-- @AfterMethod Teardown -->
  <testcase name="@BeforeMethod Setup" time="0.0" classname="com.vrt.testcases.assetCreationTest">
    <skipped/>
  </testcase> <!-- @BeforeMethod Setup -->
  <testcase name="@AfterMethod Teardown" time="0.0" classname="com.vrt.testcases.assetCreationTest">
    <skipped/>
  </testcase> <!-- @AfterMethod Teardown -->
  <testcase name="@BeforeMethod Setup" time="0.0" classname="com.vrt.testcases.assetCreationTest">
    <skipped/>
  </testcase> <!-- @BeforeMethod Setup -->
  <testcase name="@AfterMethod Teardown" time="0.0" classname="com.vrt.testcases.assetCreationTest">
    <skipped/>
  </testcase> <!-- @AfterMethod Teardown -->
  <testcase name="@BeforeMethod Setup" time="0.0" classname="com.vrt.testcases.assetCreationTest">
    <skipped/>
  </testcase> <!-- @BeforeMethod Setup -->
  <testcase name="@AfterMethod Teardown" time="0.0" classname="com.vrt.testcases.assetCreationTest">
    <skipped/>
  </testcase> <!-- @AfterMethod Teardown -->
  <testcase name="@BeforeMethod Setup" time="0.0" classname="com.vrt.testcases.assetCreationTest">
    <skipped/>
  </testcase> <!-- @BeforeMethod Setup -->
  <testcase name="@AfterMethod Teardown" time="0.0" classname="com.vrt.testcases.assetCreationTest">
    <skipped/>
  </testcase> <!-- @AfterMethod Teardown -->
  <testcase name="@BeforeMethod Setup" time="0.0" classname="com.vrt.testcases.assetCreationTest">
    <skipped/>
  </testcase> <!-- @BeforeMethod Setup -->
  <testcase name="@AfterMethod Teardown" time="0.0" classname="com.vrt.testcases.assetCreationTest">
    <skipped/>
  </testcase> <!-- @AfterMethod Teardown -->
  <testcase name="@BeforeMethod Setup" time="0.0" classname="com.vrt.testcases.assetCreationTest">
    <skipped/>
  </testcase> <!-- @BeforeMethod Setup -->
  <testcase name="@AfterMethod Teardown" time="0.0" classname="com.vrt.testcases.assetCreationTest">
    <skipped/>
  </testcase> <!-- @AfterMethod Teardown -->
  <testcase name="@BeforeMethod Setup" time="0.0" classname="com.vrt.testcases.assetCreationTest">
    <skipped/>
  </testcase> <!-- @BeforeMethod Setup -->
  <testcase name="@AfterMethod Teardown" time="0.0" classname="com.vrt.testcases.assetCreationTest">
    <skipped/>
  </testcase> <!-- @AfterMethod Teardown -->
  <testcase name="@BeforeMethod Setup" time="0.0" classname="com.vrt.testcases.assetCreationTest">
    <skipped/>
  </testcase> <!-- @BeforeMethod Setup -->
  <testcase name="@AfterMethod Teardown" time="0.0" classname="com.vrt.testcases.assetCreationTest">
    <skipped/>
  </testcase> <!-- @AfterMethod Teardown -->
  <testcase name="@BeforeMethod Setup" time="0.0" classname="com.vrt.testcases.assetCreationTest">
    <skipped/>
  </testcase> <!-- @BeforeMethod Setup -->
  <testcase name="@AfterMethod Teardown" time="0.0" classname="com.vrt.testcases.assetCreationTest">
    <skipped/>
  </testcase> <!-- @AfterMethod Teardown -->
  <testcase name="@BeforeMethod Setup" time="0.0" classname="com.vrt.testcases.assetCreationTest">
    <skipped/>
  </testcase> <!-- @BeforeMethod Setup -->
  <testcase name="@AfterMethod Teardown" time="0.0" classname="com.vrt.testcases.assetCreationTest">
    <skipped/>
  </testcase> <!-- @AfterMethod Teardown -->
  <testcase name="@BeforeMethod Setup" time="0.0" classname="com.vrt.testcases.assetCreationTest">
    <skipped/>
  </testcase> <!-- @BeforeMethod Setup -->
  <testcase name="@AfterMethod Teardown" time="0.0" classname="com.vrt.testcases.assetCreationTest">
    <skipped/>
  </testcase> <!-- @AfterMethod Teardown -->
  <testcase name="@BeforeMethod Setup" time="0.0" classname="com.vrt.testcases.assetCreationTest">
    <skipped/>
  </testcase> <!-- @BeforeMethod Setup -->
  <testcase name="@AfterMethod Teardown" time="0.0" classname="com.vrt.testcases.assetCreationTest">
    <skipped/>
  </testcase> <!-- @AfterMethod Teardown -->
  <testcase name="@BeforeMethod Setup" time="0.0" classname="com.vrt.testcases.assetCreationTest">
    <skipped/>
  </testcase> <!-- @BeforeMethod Setup -->
  <testcase name="@AfterMethod Teardown" time="0.0" classname="com.vrt.testcases.assetCreationTest">
    <skipped/>
  </testcase> <!-- @AfterMethod Teardown -->
  <testcase name="@BeforeMethod Setup" time="0.0" classname="com.vrt.testcases.assetCreationTest">
    <skipped/>
  </testcase> <!-- @BeforeMethod Setup -->
  <testcase name="@AfterMethod Teardown" time="0.0" classname="com.vrt.testcases.assetCreationTest">
    <skipped/>
  </testcase> <!-- @AfterMethod Teardown -->
  <testcase name="@BeforeMethod Setup" time="0.0" classname="com.vrt.testcases.assetCreationTest">
    <skipped/>
  </testcase> <!-- @BeforeMethod Setup -->
  <testcase name="@AfterMethod Teardown" time="0.0" classname="com.vrt.testcases.assetCreationTest">
    <skipped/>
  </testcase> <!-- @AfterMethod Teardown -->
  <testcase name="@BeforeMethod Setup" time="0.0" classname="com.vrt.testcases.assetCreationTest">
    <skipped/>
  </testcase> <!-- @BeforeMethod Setup -->
  <testcase name="@AfterMethod Teardown" time="0.0" classname="com.vrt.testcases.assetCreationTest">
    <skipped/>
  </testcase> <!-- @AfterMethod Teardown -->
  <testcase name="@BeforeMethod Setup" time="0.0" classname="com.vrt.testcases.assetCreationTest">
    <skipped/>
  </testcase> <!-- @BeforeMethod Setup -->
  <testcase name="@AfterMethod Teardown" time="0.0" classname="com.vrt.testcases.assetCreationTest">
    <skipped/>
  </testcase> <!-- @AfterMethod Teardown -->
  <testcase name="@BeforeMethod Setup" time="0.0" classname="com.vrt.testcases.assetCreationTest">
    <skipped/>
  </testcase> <!-- @BeforeMethod Setup -->
  <testcase name="@AfterMethod Teardown" time="0.0" classname="com.vrt.testcases.assetCreationTest">
    <skipped/>
  </testcase> <!-- @AfterMethod Teardown -->
  <testcase name="@BeforeMethod Setup" time="0.0" classname="com.vrt.testcases.assetCreationTest">
    <skipped/>
  </testcase> <!-- @BeforeMethod Setup -->
[...]
    <skipped/>
  </testcase> <!-- ASST113 -->
  <testcase name="ASST113" time="0.0" classname="com.vrt.testcases.assetCreationTest">
    <skipped/>
  </testcase> <!-- ASST113 -->
  <testcase name="ASST113" time="0.0" classname="com.vrt.testcases.assetCreationTest">
    <skipped/>
  </testcase> <!-- ASST113 -->
  <testcase name="ASST113" time="0.0" classname="com.vrt.testcases.assetCreationTest">
    <skipped/>
  </testcase> <!-- ASST113 -->
  <testcase name="ASST113" time="0.0" classname="com.vrt.testcases.assetCreationTest">
    <skipped/>
  </testcase> <!-- ASST113 -->
  <testcase name="ASST113" time="0.0" classname="com.vrt.testcases.assetCreationTest">
    <skipped/>
  </testcase> <!-- ASST113 -->
  <testcase name="ASST113" time="0.0" classname="com.vrt.testcases.assetCreationTest">
    <skipped/>
  </testcase> <!-- ASST113 -->
  <testcase name="ASST113" time="0.0" classname="com.vrt.testcases.assetCreationTest">
    <skipped/>
  </testcase> <!-- ASST113 -->
  <testcase name="ASST113" time="0.0" classname="com.vrt.testcases.assetCreationTest">
    <skipped/>
  </testcase> <!-- ASST113 -->
  <testcase name="ASST113" time="0.0" classname="com.vrt.testcases.assetCreationTest">
    <skipped/>
  </testcase> <!-- ASST113 -->
  <testcase name="ASST113" time="0.0" classname="com.vrt.testcases.assetCreationTest">
    <skipped/>
  </testcase> <!-- ASST113 -->
  <testcase name="ASST113" time="0.0" classname="com.vrt.testcases.assetCreationTest">
    <skipped/>
  </testcase> <!-- ASST113 -->
  <testcase name="ASST113" time="0.0" classname="com.vrt.testcases.assetCreationTest">
    <skipped/>
  </testcase> <!-- ASST113 -->
  <testcase name="ASST113" time="0.0" classname="com.vrt.testcases.assetCreationTest">
    <skipped/>
  </testcase> <!-- ASST113 -->
  <testcase name="ASST113" time="0.0" classname="com.vrt.testcases.assetCreationTest">
    <skipped/>
  </testcase> <!-- ASST113 -->
  <testcase name="ASST113" time="0.0" classname="com.vrt.testcases.assetCreationTest">
    <skipped/>
  </testcase> <!-- ASST113 -->
  <testcase name="ASST113" time="0.0" classname="com.vrt.testcases.assetCreationTest">
    <skipped/>
  </testcase> <!-- ASST113 -->
  <testcase name="ASST113" time="0.0" classname="com.vrt.testcases.assetCreationTest">
    <skipped/>
  </testcase> <!-- ASST113 -->
  <testcase name="ASST113" time="0.0" classname="com.vrt.testcases.assetCreationTest">
    <skipped/>
  </testcase> <!-- ASST113 -->
  <testcase name="ASST113" time="0.0" classname="com.vrt.testcases.assetCreationTest">
    <skipped/>
  </testcase> <!-- ASST113 -->
  <testcase name="ASST113" time="0.0" classname="com.vrt.testcases.assetCreationTest">
    <skipped/>
  </testcase> <!-- ASST113 -->
  <testcase name="ASST113" time="0.0" classname="com.vrt.testcases.assetCreationTest">
    <skipped/>
  </testcase> <!-- ASST113 -->
  <testcase name="ASST113" time="0.0" classname="com.vrt.testcases.assetCreationTest">
    <skipped/>
  </testcase> <!-- ASST113 -->
  <testcase name="ASST113" time="0.0" classname="com.vrt.testcases.assetCreationTest">
    <skipped/>
  </testcase> <!-- ASST113 -->
  <testcase name="ASST113" time="0.0" classname="com.vrt.testcases.assetCreationTest">
    <skipped/>
  </testcase> <!-- ASST113 -->
  <testcase name="ASST113" time="0.0" classname="com.vrt.testcases.assetCreationTest">
    <skipped/>
  </testcase> <!-- ASST113 -->
  <testcase name="ASST113" time="0.0" classname="com.vrt.testcases.assetCreationTest">
    <skipped/>
  </testcase> <!-- ASST113 -->
  <testcase name="ASST114" time="0.0" classname="com.vrt.testcases.assetCreationTest">
    <skipped/>
  </testcase> <!-- ASST114 -->
  <testcase name="ASST115" time="0.0" classname="com.vrt.testcases.assetCreationTest">
    <skipped/>
  </testcase> <!-- ASST115 -->
  <testcase name="ASST116" time="0.0" classname="com.vrt.testcases.assetCreationTest">
    <skipped/>
  </testcase> <!-- ASST116 -->
  <testcase name="ASST117a" time="0.0" classname="com.vrt.testcases.assetCreationTest">
    <skipped/>
  </testcase> <!-- ASST117a -->
  <testcase name="ASST117a" time="0.0" classname="com.vrt.testcases.assetCreationTest">
    <skipped/>
  </testcase> <!-- ASST117a -->
  <testcase name="ASST117a" time="0.0" classname="com.vrt.testcases.assetCreationTest">
    <skipped/>
  </testcase> <!-- ASST117a -->
  <testcase name="ASST117a" time="0.0" classname="com.vrt.testcases.assetCreationTest">
    <skipped/>
  </testcase> <!-- ASST117a -->
  <testcase name="ASST117a" time="0.0" classname="com.vrt.testcases.assetCreationTest">
    <skipped/>
  </testcase> <!-- ASST117a -->
  <testcase name="ASST117a" time="0.0" classname="com.vrt.testcases.assetCreationTest">
    <skipped/>
  </testcase> <!-- ASST117a -->
  <testcase name="ASST117a" time="0.0" classname="com.vrt.testcases.assetCreationTest">
    <skipped/>
  </testcase> <!-- ASST117a -->
  <testcase name="ASST117a" time="0.0" classname="com.vrt.testcases.assetCreationTest">
    <skipped/>
  </testcase> <!-- ASST117a -->
  <testcase name="ASST117a" time="0.0" classname="com.vrt.testcases.assetCreationTest">
    <skipped/>
  </testcase> <!-- ASST117a -->
  <testcase name="ASST117a" time="0.0" classname="com.vrt.testcases.assetCreationTest">
    <skipped/>
  </testcase> <!-- ASST117a -->
  <testcase name="ASST117a" time="0.0" classname="com.vrt.testcases.assetCreationTest">
    <skipped/>
  </testcase> <!-- ASST117a -->
  <testcase name="ASST117a" time="0.0" classname="com.vrt.testcases.assetCreationTest">
    <skipped/>
  </testcase> <!-- ASST117a -->
  <testcase name="ASST117a" time="0.0" classname="com.vrt.testcases.assetCreationTest">
    <skipped/>
  </testcase> <!-- ASST117a -->
  <testcase name="ASST117a" time="0.0" classname="com.vrt.testcases.assetCreationTest">
    <skipped/>
  </testcase> <!-- ASST117a -->
  <testcase name="ASST117a" time="0.0" classname="com.vrt.testcases.assetCreationTest">
    <skipped/>
  </testcase> <!-- ASST117a -->
  <testcase name="ASST117a" time="0.0" classname="com.vrt.testcases.assetCreationTest">
    <skipped/>
  </testcase> <!-- ASST117a -->
  <testcase name="ASST117a" time="0.0" classname="com.vrt.testcases.assetCreationTest">
    <skipped/>
  </testcase> <!-- ASST117a -->
  <testcase name="ASST117a" time="0.0" classname="com.vrt.testcases.assetCreationTest">
    <skipped/>
  </testcase> <!-- ASST117a -->
  <testcase name="ASST117a" time="0.0" classname="com.vrt.testcases.assetCreationTest">
    <skipped/>
  </testcase> <!-- ASST117a -->
  <testcase name="ASST117a" time="0.0" classname="com.vrt.testcases.assetCreationTest">
    <skipped/>
  </testcase> <!-- ASST117a -->
  <testcase name="ASST117a" time="0.0" classname="com.vrt.testcases.assetCreationTest">
    <skipped/>
  </testcase> <!-- ASST117a -->
  <testcase name="ASST117a" time="0.0" classname="com.vrt.testcases.assetCreationTest">
    <skipped/>
  </testcase> <!-- ASST117a -->
  <testcase name="ASST117a" time="0.0" classname="com.vrt.testcases.assetCreationTest">
    <skipped/>
  </testcase> <!-- ASST117a -->
  <testcase name="ASST117a" time="0.0" classname="com.vrt.testcases.assetCreationTest">
    <skipped/>
  </testcase> <!-- ASST117a -->
  <testcase name="ASST117a" time="0.0" classname="com.vrt.testcases.assetCreationTest">
    <skipped/>
  </testcase> <!-- ASST117a -->
  <testcase name="ASST117b" time="0.0" classname="com.vrt.testcases.assetCreationTest">
    <skipped/>
  </testcase> <!-- ASST117b -->
  <testcase name="ASST117b" time="0.0" classname="com.vrt.testcases.assetCreationTest">
    <skipped/>
  </testcase> <!-- ASST117b -->
  <testcase name="ASST117b" time="0.0" classname="com.vrt.testcases.assetCreationTest">
    <skipped/>
  </testcase> <!-- ASST117b -->
  <testcase name="ASST117b" time="0.0" classname="com.vrt.testcases.assetCreationTest">
    <skipped/>
  </testcase> <!-- ASST117b -->
  <testcase name="ASST117b" time="0.0" classname="com.vrt.testcases.assetCreationTest">
    <skipped/>
  </testcase> <!-- ASST117b -->
  <testcase name="ASST117b" time="0.0" classname="com.vrt.testcases.assetCreationTest">
    <skipped/>
  </testcase> <!-- ASST117b -->
  <testcase name="ASST117b" time="0.0" classname="com.vrt.testcases.assetCreationTest">
    <skipped/>
  </testcase> <!-- ASST117b -->
  <testcase name="ASST117b" time="0.0" classname="com.vrt.testcases.assetCreationTest">
    <skipped/>
  </testcase> <!-- ASST117b -->
  <testcase name="ASST117b" time="0.0" classname="com.vrt.testcases.assetCreationTest">
    <skipped/>
  </testcase> <!-- ASST117b -->
  <testcase name="ASST117b" time="0.0" classname="com.vrt.testcases.assetCreationTest">
    <skipped/>
  </testcase> <!-- ASST117b -->
  <testcase name="ASST118" time="0.0" classname="com.vrt.testcases.assetCreationTest">
    <skipped/>
  </testcase> <!-- ASST118 -->
  <testcase name="ASST119" time="0.0" classname="com.vrt.testcases.assetCreationTest">
    <skipped/>
  </testcase> <!-- ASST119 -->
  <testcase name="ASST120" time="0.0" classname="com.vrt.testcases.assetCreationTest">
    <skipped/>
  </testcase> <!-- ASST120 -->
  <testcase name="ASST121" time="0.0" classname="com.vrt.testcases.assetCreationTest">
    <skipped/>
  </testcase> <!-- ASST121 -->
  <testcase name="ASST122a" time="0.0" classname="com.vrt.testcases.assetCreationTest">
    <skipped/>
  </testcase> <!-- ASST122a -->
  <testcase name="ASST122a" time="0.0" classname="com.vrt.testcases.assetCreationTest">
    <skipped/>
  </testcase> <!-- ASST122a -->
  <testcase name="ASST122a" time="0.0" classname="com.vrt.testcases.assetCreationTest">
    <skipped/>
  </testcase> <!-- ASST122a -->
  <testcase name="ASST122a" time="0.0" classname="com.vrt.testcases.assetCreationTest">
    <skipped/>
  </testcase> <!-- ASST122a -->
  <testcase name="ASST122a" time="0.0" classname="com.vrt.testcases.assetCreationTest">
    <skipped/>
  </testcase> <!-- ASST122a -->
  <testcase name="ASST122a" time="0.0" classname="com.vrt.testcases.assetCreationTest">
    <skipped/>
  </testcase> <!-- ASST122a -->
  <testcase name="ASST122a" time="0.0" classname="com.vrt.testcases.assetCreationTest">
    <skipped/>
  </testcase> <!-- ASST122a -->
  <testcase name="ASST122a" time="0.0" classname="com.vrt.testcases.assetCreationTest">
    <skipped/>
  </testcase> <!-- ASST122a -->
  <testcase name="ASST122a" time="0.0" classname="com.vrt.testcases.assetCreationTest">
    <skipped/>
  </testcase> <!-- ASST122a -->
  <testcase name="ASST122a" time="0.0" classname="com.vrt.testcases.assetCreationTest">
    <skipped/>
  </testcase> <!-- ASST122a -->
  <testcase name="ASST122a" time="0.0" classname="com.vrt.testcases.assetCreationTest">
    <skipped/>
  </testcase> <!-- ASST122a -->
  <testcase name="ASST122a" time="0.0" classname="com.vrt.testcases.assetCreationTest">
    <skipped/>
  </testcase> <!-- ASST122a -->
  <testcase name="ASST122a" time="0.0" classname="com.vrt.testcases.assetCreationTest">
    <skipped/>
  </testcase> <!-- ASST122a -->
  <testcase name="ASST122a" time="0.0" classname="com.vrt.testcases.assetCreationTest">
    <skipped/>
  </testcase> <!-- ASST122a -->
  <testcase name="ASST122a" time="0.0" classname="com.vrt.testcases.assetCreationTest">
    <skipped/>
  </testcase> <!-- ASST122a -->
  <testcase name="ASST122a" time="0.0" classname="com.vrt.testcases.assetCreationTest">
    <skipped/>
  </testcase> <!-- ASST122a -->
  <testcase name="ASST122a" time="0.0" classname="com.vrt.testcases.assetCreationTest">
    <skipped/>
  </testcase> <!-- ASST122a -->
  <testcase name="ASST122a" time="0.0" classname="com.vrt.testcases.assetCreationTest">
    <skipped/>
  </testcase> <!-- ASST122a -->
  <testcase name="ASST122a" time="0.0" classname="com.vrt.testcases.assetCreationTest">
    <skipped/>
  </testcase> <!-- ASST122a -->
  <testcase name="ASST122a" time="0.0" classname="com.vrt.testcases.assetCreationTest">
    <skipped/>
  </testcase> <!-- ASST122a -->
  <testcase name="ASST122a" time="0.0" classname="com.vrt.testcases.assetCreationTest">
    <skipped/>
  </testcase> <!-- ASST122a -->
  <testcase name="ASST122a" time="0.0" classname="com.vrt.testcases.assetCreationTest">
    <skipped/>
  </testcase> <!-- ASST122a -->
  <testcase name="ASST122a" time="0.0" classname="com.vrt.testcases.assetCreationTest">
    <skipped/>
  </testcase> <!-- ASST122a -->
  <testcase name="ASST122a" time="0.0" classname="com.vrt.testcases.assetCreationTest">
    <skipped/>
  </testcase> <!-- ASST122a -->
  <testcase name="ASST122a" time="0.0" classname="com.vrt.testcases.assetCreationTest">
    <skipped/>
  </testcase> <!-- ASST122a -->
  <testcase name="ASST122a" time="0.0" classname="com.vrt.testcases.assetCreationTest">
    <skipped/>
  </testcase> <!-- ASST122a -->
  <testcase name="ASST122b" time="0.0" classname="com.vrt.testcases.assetCreationTest">
    <skipped/>
  </testcase> <!-- ASST122b -->
  <testcase name="ASST122b" time="0.0" classname="com.vrt.testcases.assetCreationTest">
    <skipped/>
  </testcase> <!-- ASST122b -->
  <testcase name="ASST122b" time="0.0" classname="com.vrt.testcases.assetCreationTest">
    <skipped/>
  </testcase> <!-- ASST122b -->
  <testcase name="ASST122b" time="0.0" classname="com.vrt.testcases.assetCreationTest">
    <skipped/>
  </testcase> <!-- ASST122b -->
  <testcase name="ASST122b" time="0.0" classname="com.vrt.testcases.assetCreationTest">
    <skipped/>
  </testcase> <!-- ASST122b -->
  <testcase name="ASST122b" time="0.0" classname="com.vrt.testcases.assetCreationTest">
    <skipped/>
  </testcase> <!-- ASST122b -->
  <testcase name="ASST122b" time="0.0" classname="com.vrt.testcases.assetCreationTest">
    <skipped/>
  </testcase> <!-- ASST122b -->
  <testcase name="ASST122b" time="0.0" classname="com.vrt.testcases.assetCreationTest">
    <skipped/>
  </testcase> <!-- ASST122b -->
  <testcase name="ASST123" time="0.0" classname="com.vrt.testcases.assetCreationTest">
    <skipped/>
  </testcase> <!-- ASST123 -->
  <testcase name="ASST127" time="0.0" classname="com.vrt.testcases.assetCreationTest">
    <skipped/>
  </testcase> <!-- ASST127 -->
  <testcase name="ASST128" time="0.0" classname="com.vrt.testcases.assetCreationTest">
    <skipped/>
  </testcase> <!-- ASST128 -->
  <testcase name="ASST129" time="0.0" classname="com.vrt.testcases.assetCreationTest">
    <skipped/>
  </testcase> <!-- ASST129 -->
  <testcase name="ASST130a" time="0.0" classname="com.vrt.testcases.assetCreationTest">
    <skipped/>
  </testcase> <!-- ASST130a -->
  <testcase name="ASST130b" time="0.0" classname="com.vrt.testcases.assetCreationTest">
    <skipped/>
  </testcase> <!-- ASST130b -->
  <testcase name="ASST131" time="0.0" classname="com.vrt.testcases.assetCreationTest">
    <skipped/>
  </testcase> <!-- ASST131 -->
  <testcase name="ASST132" time="0.0" classname="com.vrt.testcases.assetCreationTest">
    <skipped/>
  </testcase> <!-- ASST132 -->
  <testcase name="ASST133" time="0.0" classname="com.vrt.testcases.assetCreationTest">
    <skipped/>
  </testcase> <!-- ASST133 -->
  <testcase name="ASST134a" time="0.0" classname="com.vrt.testcases.assetCreationTest">
    <skipped/>
  </testcase> <!-- ASST134a -->
  <testcase name="ASST134a" time="0.0" classname="com.vrt.testcases.assetCreationTest">
    <skipped/>
  </testcase> <!-- ASST134a -->
  <testcase name="ASST134a" time="0.0" classname="com.vrt.testcases.assetCreationTest">
    <skipped/>
  </testcase> <!-- ASST134a -->
  <testcase name="ASST134a" time="0.0" classname="com.vrt.testcases.assetCreationTest">
    <skipped/>
  </testcase> <!-- ASST134a -->
  <testcase name="ASST134a" time="0.0" classname="com.vrt.testcases.assetCreationTest">
    <skipped/>
  </testcase> <!-- ASST134a -->
  <testcase name="ASST134a" time="0.0" classname="com.vrt.testcases.assetCreationTest">
    <skipped/>
  </testcase> <!-- ASST134a -->
  <testcase name="ASST134a" time="0.0" classname="com.vrt.testcases.assetCreationTest">
    <skipped/>
  </testcase> <!-- ASST134a -->
  <testcase name="ASST134a" time="0.0" classname="com.vrt.testcases.assetCreationTest">
    <skipped/>
  </testcase> <!-- ASST134a -->
  <testcase name="ASST134a" time="0.0" classname="com.vrt.testcases.assetCreationTest">
    <skipped/>
  </testcase> <!-- ASST134a -->
  <testcase name="ASST134a" time="0.0" classname="com.vrt.testcases.assetCreationTest">
    <skipped/>
  </testcase> <!-- ASST134a -->
  <testcase name="ASST134a" time="0.0" classname="com.vrt.testcases.assetCreationTest">
    <skipped/>
  </testcase> <!-- ASST134a -->
  <testcase name="ASST134a" time="0.0" classname="com.vrt.testcases.assetCreationTest">
    <skipped/>
  </testcase> <!-- ASST134a -->
  <testcase name="ASST134a" time="0.0" classname="com.vrt.testcases.assetCreationTest">
    <skipped/>
  </testcase> <!-- ASST134a -->
  <testcase name="ASST134a" time="0.0" classname="com.vrt.testcases.assetCreationTest">
    <skipped/>
  </testcase> <!-- ASST134a -->
  <testcase name="ASST134a" time="0.0" classname="com.vrt.testcases.assetCreationTest">
    <skipped/>
  </testcase> <!-- ASST134a -->
  <testcase name="ASST134a" time="0.0" classname="com.vrt.testcases.assetCreationTest">
    <skipped/>
  </testcase> <!-- ASST134a -->
  <testcase name="ASST134a" time="0.0" classname="com.vrt.testcases.assetCreationTest">
    <skipped/>
  </testcase> <!-- ASST134a -->
  <testcase name="ASST134a" time="0.0" classname="com.vrt.testcases.assetCreationTest">
    <skipped/>
  </testcase> <!-- ASST134a -->
  <testcase name="ASST134a" time="0.0" classname="com.vrt.testcases.assetCreationTest">
    <skipped/>
  </testcase> <!-- ASST134a -->
  <testcase name="ASST134a" time="0.0" classname="com.vrt.testcases.assetCreationTest">
    <skipped/>
  </testcase> <!-- ASST134a -->
  <testcase name="ASST134a" time="0.0" classname="com.vrt.testcases.assetCreationTest">
    <skipped/>
  </testcase> <!-- ASST134a -->
  <testcase name="ASST134a" time="0.0" classname="com.vrt.testcases.assetCreationTest">
    <skipped/>
  </testcase> <!-- ASST134a -->
  <testcase name="ASST134a" time="0.0" classname="com.vrt.testcases.assetCreationTest">
    <skipped/>
  </testcase> <!-- ASST134a -->
  <testcase name="ASST134a" time="0.0" classname="com.vrt.testcases.assetCreationTest">
    <skipped/>
  </testcase> <!-- ASST134a -->
  <testcase name="ASST134a" time="0.0" classname="com.vrt.testcases.assetCreationTest">
    <skipped/>
  </testcase> <!-- ASST134a -->
  <testcase name="ASST134a" time="0.0" classname="com.vrt.testcases.assetCreationTest">
    <skipped/>
  </testcase> <!-- ASST134a -->
  <testcase name="ASST134b" time="0.0" classname="com.vrt.testcases.assetCreationTest">
    <skipped/>
  </testcase> <!-- ASST134b -->
  <testcase name="ASST134b" time="0.0" classname="com.vrt.testcases.assetCreationTest">
    <skipped/>
  </testcase> <!-- ASST134b -->
  <testcase name="ASST134b" time="0.0" classname="com.vrt.testcases.assetCreationTest">
    <skipped/>
  </testcase> <!-- ASST134b -->
  <testcase name="ASST134b" time="0.0" classname="com.vrt.testcases.assetCreationTest">
    <skipped/>
  </testcase> <!-- ASST134b -->
  <testcase name="ASST134b" time="0.0" classname="com.vrt.testcases.assetCreationTest">
    <skipped/>
  </testcase> <!-- ASST134b -->
  <testcase name="ASST134b" time="0.0" classname="com.vrt.testcases.assetCreationTest">
    <skipped/>
  </testcase> <!-- ASST134b -->
  <testcase name="ASST134b" time="0.0" classname="com.vrt.testcases.assetCreationTest">
    <skipped/>
  </testcase> <!-- ASST134b -->
  <testcase name="ASST134b" time="0.0" classname="com.vrt.testcases.assetCreationTest">
    <skipped/>
  </testcase> <!-- ASST134b -->
  <testcase name="ASST135" time="0.0" classname="com.vrt.testcases.assetCreationTest">
    <skipped/>
  </testcase> <!-- ASST135 -->
  <testcase name="ASST136" time="0.0" classname="com.vrt.testcases.assetCreationTest">
    <skipped/>
  </testcase> <!-- ASST136 -->
  <testcase name="ASST143" time="0.0" classname="com.vrt.testcases.assetCreationTest">
    <skipped/>
  </testcase> <!-- ASST143 -->
</testsuite> <!-- VRTLogin -->
